#
# A fatal error has been detected by the Java Runtime Environment:
#
#  EXCEPTION_ACCESS_VIOLATION (0xc0000005) at pc=0x00007fff52bff355, pid=11948, tid=10124
#
# JRE version: OpenJDK Runtime Environment (11.0.5+10) (build 11.0.5+10-b520.30)
# Java VM: OpenJDK 64-Bit Server VM (11.0.5+10-b520.30, mixed mode, sharing, tiered, compressed oops, g1 gc, windows-amd64)
# Problematic frame:
# C  [atio6axx.dll+0x1acf355]
#
# No core dump will be written. Minidumps are not enabled by default on client versions of Windows
#
# If you would like to submit a bug report, please visit:
#   http://bugreport.java.com/bugreport/crash.jsp
# The crash happened outside the Java Virtual Machine in native code.
# See problematic frame for where to report the bug.
#

---------------  S U M M A R Y ------------

Command Line: -javaagent:C:\Program Files\JetBrains\IntelliJ IDEA Community Edition 2019.3.2\lib\idea_rt.jar=58741:C:\Program Files\JetBrains\IntelliJ IDEA Community Edition 2019.3.2\bin -Dfile.encoding=UTF-8 inaugural.soliloquy.graphics.test.display.TextLineRendererSimpleTest

Host: AMD Ryzen 7 3700X 8-Core Processor             , 16 cores, 15G,  Windows 10 , 64 bit Build 19041 (10.0.19041.804)
Time: Wed Apr  7 00:20:42 2021 Eastern Daylight Time elapsed time: 1 seconds (0d 0h 0m 1s)

---------------  T H R E A D  ---------------

Current thread (0x0000015d127a3800):  JavaThread "main" [_thread_in_native, id=10124, stack(0x00000005f8b00000,0x00000005f8c00000)]

Stack: [0x00000005f8b00000,0x00000005f8c00000],  sp=0x00000005f8bfe828,  free space=1018k
Native frames: (J=compiled Java code, j=interpreted, Vv=VM code, C=native code)
C  [atio6axx.dll+0x1acf355]

Java frames: (J=compiled Java code, j=interpreted, Vv=VM code)
j  org.lwjgl.opengl.GL11C.nglTexImage2D(IIIIIIIIJ)V+0
j  org.lwjgl.opengl.GL11C.glTexImage2D(IIIIIIIILjava/nio/ByteBuffer;)V+17
j  org.lwjgl.opengl.GL11.glTexImage2D(IIIIIIIILjava/nio/ByteBuffer;)V+14
j  inaugural.soliloquy.graphics.test.fakes.FakeFontLoadable.generateFontAsset(Ljava/awt/Font;IIFLjava/util/Map;Lsoliloquy/specs/graphics/rendering/factories/FloatBoxFactory;)I+104
j  inaugural.soliloquy.graphics.test.fakes.FakeFontLoadable.load()V+97
j  inaugural.soliloquy.graphics.test.display.TextLineRendererSimpleTest.lambda$main$3(Linaugural/soliloquy/graphics/test/fakes/FakeFontLoadable;Linaugural/soliloquy/graphics/test/fakes/FakeFrameTimer;)V+1
j  inaugural.soliloquy.graphics.test.display.TextLineRendererSimpleTest$$Lambda$37.run()V+8
j  inaugural.soliloquy.graphics.test.fakes.FakeGraphicsPreloader.load()V+16
j  inaugural.soliloquy.graphics.bootstrap.GraphicsCoreLoopImpl.startup(Ljava/lang/Runnable;)V+172
j  inaugural.soliloquy.graphics.test.display.TextLineRendererSimpleTest.main([Ljava/lang/String;)V+240
v  ~StubRoutines::call_stub

siginfo: EXCEPTION_ACCESS_VIOLATION (0xc0000005), reading address 0x0000015d458ccff0


Register to memory mapping:

RIP=0x00007fff52bff355 atio6axx.dll
RAX=0x0000015d468b7040 points into unknown readable memory: 00 00 00 00 00 00 00 00
RBX=0x0000015d3c8ea6c0 points into unknown readable memory: 01 00 00 00 00 08 00 00
RCX=0x0000015d458e2fb0 points into unknown readable memory: 00 00 00 00 00 00 00 00
RDX=0xfffffffffffea000 is an unknown value
RSP=0x00000005f8bfe828 is pointing into the stack for thread: 0x0000015d127a3800
RBP=0x0000015d33364bd8 points into unknown readable memory: 00 00 00 01 00 00 00 00
RSI=0x0000000001000000 is an unknown value
RDI=0x0000015d33364bd8 points into unknown readable memory: 00 00 00 01 00 00 00 00
R8 =0x0000000000fffff0 is an unknown value
R9 =0x00000000000002bf is an unknown value
R10=0x0000015d458b7040 points into unknown readable memory: 00 00 00 00 00 00 00 00
R11=0x0000015d458cd040 points into unknown readable memory: 00 00 00 00 00 00 00 00
R12=0x00000005f8bfe990 is pointing into the stack for thread: 0x0000015d127a3800
R13=0x0000015d458b7040 points into unknown readable memory: 00 00 00 00 00 00 00 00
R14=0x0000000000002000 is an unknown value
R15=0x0000000000002000 is an unknown value


Registers:
RAX=0x0000015d468b7040, RBX=0x0000015d3c8ea6c0, RCX=0x0000015d458e2fb0, RDX=0xfffffffffffea000
RSP=0x00000005f8bfe828, RBP=0x0000015d33364bd8, RSI=0x0000000001000000, RDI=0x0000015d33364bd8
R8 =0x0000000000fffff0, R9 =0x00000000000002bf, R10=0x0000015d458b7040, R11=0x0000015d458cd040
R12=0x00000005f8bfe990, R13=0x0000015d458b7040, R14=0x0000000000002000, R15=0x0000000000002000
RIP=0x00007fff52bff355, EFLAGS=0x0000000000010202

Top of Stack: (sp=0x00000005f8bfe828)
0x00000005f8bfe828:   00007fff524ac1a2 0000000000000030
0x00000005f8bfe838:   0000015d00000000 0000015d348e77c0
0x00000005f8bfe848:   0000015d34a6f598 00007fff53a97fa8
0x00000005f8bfe858:   0000000000000854 0000015d33b5e3d0
0x00000005f8bfe868:   0000015d348e77c0 0000015d348e77c0
0x00000005f8bfe878:   0000000000000800 0000000000000000
0x00000005f8bfe888:   0000000000000001 0000015d348e77c0
0x00000005f8bfe898:   0000015d34a468e0 0000015d3c7f2a50
0x00000005f8bfe8a8:   00007fff524376cc 0000015d3c8ea601
0x00000005f8bfe8b8:   0000015d34a468e0 00000005f8bfeab0
0x00000005f8bfe8c8:   3f8000003f800000 0000000000000001
0x00000005f8bfe8d8:   0000000000000000 3f80000000000036
0x00000005f8bfe8e8:   3f8000003f800000 0000015d458b7040
0x00000005f8bfe8f8:   0000015d00000001 0000000000000000
0x00000005f8bfe908:   0000000000000000 0000000000002000
0x00000005f8bfe918:   0000015d34a46800 0000000500000000 

Instructions: (pc=0x00007fff52bff355)
0x00007fff52bff255:   10 04 11 48 83 c1 10 49 ff c9 75 ef 49 83 e0 0f
0x00007fff52bff265:   74 0d 4a 8d 04 01 0f 10 4c 10 f0 0f 11 48 f0 0f
0x00007fff52bff275:   11 41 f0 49 8b c3 c3 0f 1f 40 00 0f 2b 41 e0 0f
0x00007fff52bff285:   2b 49 f0 0f 18 84 11 00 02 00 00 0f 10 04 11 0f
0x00007fff52bff295:   10 4c 11 10 48 81 c1 80 00 00 00 0f 2b 41 80 0f
0x00007fff52bff2a5:   2b 49 90 0f 10 44 11 a0 0f 10 4c 11 b0 49 ff c9
0x00007fff52bff2b5:   0f 2b 41 a0 0f 2b 49 b0 0f 10 44 11 c0 0f 10 4c
0x00007fff52bff2c5:   11 d0 0f 18 84 11 40 02 00 00 0f 2b 41 c0 0f 2b
0x00007fff52bff2d5:   49 d0 0f 10 44 11 e0 0f 10 4c 11 f0 75 9d 0f ae
0x00007fff52bff2e5:   f8 e9 38 ff ff ff 0f 1f 44 00 00 49 03 c8 0f 10
0x00007fff52bff2f5:   44 11 f0 48 83 e9 10 49 83 e8 10 f6 c1 0f 74 17
0x00007fff52bff305:   48 8b c1 48 83 e1 f0 0f 10 c8 0f 10 04 11 0f 11
0x00007fff52bff315:   08 4c 8b c1 4d 2b c3 4d 8b c8 49 c1 e9 07 74 68
0x00007fff52bff325:   0f 29 01 eb 0d 66 0f 1f 44 00 00 0f 29 41 10 0f
0x00007fff52bff335:   29 09 0f 10 44 11 f0 0f 10 4c 11 e0 48 81 e9 80
0x00007fff52bff345:   00 00 00 0f 29 41 70 0f 29 49 60 0f 10 44 11 50
0x00007fff52bff355:   0f 10 4c 11 40 49 ff c9 0f 29 41 50 0f 29 49 40
0x00007fff52bff365:   0f 10 44 11 30 0f 10 4c 11 20 0f 29 41 30 0f 29
0x00007fff52bff375:   49 20 0f 10 44 11 10 0f 10 0c 11 75 ae 0f 29 41
0x00007fff52bff385:   10 49 83 e0 7f 0f 28 c1 4d 8b c8 49 c1 e9 04 74
0x00007fff52bff395:   1a 66 66 0f 1f 84 00 00 00 00 00 0f 11 01 48 83
0x00007fff52bff3a5:   e9 10 0f 10 04 11 49 ff c9 75 f0 49 83 e0 0f 74
0x00007fff52bff3b5:   08 41 0f 10 0a 41 0f 11 0b 0f 11 01 49 8b c3 c3
0x00007fff52bff3c5:   cc cc cc 48 89 5c 24 18 48 89 74 24 20 57 48 83
0x00007fff52bff3d5:   ec 50 48 8b da 48 8b f1 bf 20 05 93 19 48 85 d2
0x00007fff52bff3e5:   74 1d f6 02 10 74 18 48 8b 09 48 83 e9 08 48 8b
0x00007fff52bff3f5:   01 48 8b 58 30 48 8b 40 40 ff 15 dc 64 19 00 48
0x00007fff52bff405:   8d 54 24 20 48 8b cb ff 15 16 62 19 00 48 89 44
0x00007fff52bff415:   24 20 48 85 db 74 0f f6 03 08 75 05 48 85 c0 75
0x00007fff52bff425:   05 bf 00 40 99 01 ba 01 00 00 00 48 89 7c 24 28
0x00007fff52bff435:   4c 8d 4c 24 28 48 89 74 24 30 b9 63 73 6d e0 48
0x00007fff52bff445:   89 5c 24 38 48 89 44 24 40 44 8d 42 03 ff 15 d8 


Stack slot to memory mapping:
stack at sp + 0 slots: 0x00007fff524ac1a2 atio6axx.dll
stack at sp + 1 slots: 0x0000000000000030 is an unknown value
stack at sp + 2 slots: 0x0000015d00000000 is an unknown value
stack at sp + 3 slots: 0x0000015d348e77c0 points into unknown readable memory: e0 1a 82 53 ff 7f 00 00
stack at sp + 4 slots: 0x0000015d34a6f598 points into unknown readable memory: 00 00 00 00 00 00 00 00
stack at sp + 5 slots: 0x00007fff53a97fa8 atio6axx.dll
stack at sp + 6 slots: 0x0000000000000854 is an unknown value
stack at sp + 7 slots: 0x0000015d33b5e3d0 points into unknown readable memory: 00 20 c8 34 5d 01 00 00


---------------  P R O C E S S  ---------------

Threads class SMR info:
_java_thread_list=0x0000015d3c913170, length=19, elements={
0x0000015d127a3800, 0x0000015d32990800, 0x0000015d32991800, 0x0000015d329a3800,
0x0000015d329a4800, 0x0000015d329a6800, 0x0000015d329b4000, 0x0000015d3324a000,
0x0000015d33363800, 0x0000015d3336a000, 0x0000015d3336f000, 0x0000015d33502800,
0x0000015d3354d000, 0x0000015d339bd800, 0x0000015d3c933800, 0x0000015d3c8a9000,
0x0000015d3c91c000, 0x0000015d3cc31800, 0x0000015d3cc32800
}

Java Threads: ( => current thread )
=>0x0000015d127a3800 JavaThread "main" [_thread_in_native, id=10124, stack(0x00000005f8b00000,0x00000005f8c00000)]
  0x0000015d32990800 JavaThread "Reference Handler" daemon [_thread_blocked, id=20364, stack(0x00000005f9200000,0x00000005f9300000)]
  0x0000015d32991800 JavaThread "Finalizer" daemon [_thread_blocked, id=18812, stack(0x00000005f9300000,0x00000005f9400000)]
  0x0000015d329a3800 JavaThread "Signal Dispatcher" daemon [_thread_blocked, id=4012, stack(0x00000005f9400000,0x00000005f9500000)]
  0x0000015d329a4800 JavaThread "Attach Listener" daemon [_thread_blocked, id=17588, stack(0x00000005f9500000,0x00000005f9600000)]
  0x0000015d329a6800 JavaThread "C2 CompilerThread0" daemon [_thread_blocked, id=16496, stack(0x00000005f9600000,0x00000005f9700000)]
  0x0000015d329b4000 JavaThread "C1 CompilerThread0" daemon [_thread_blocked, id=16608, stack(0x00000005f9700000,0x00000005f9800000)]
  0x0000015d3324a000 JavaThread "Sweeper thread" daemon [_thread_blocked, id=7520, stack(0x00000005f9800000,0x00000005f9900000)]
  0x0000015d33363800 JavaThread "Common-Cleaner" daemon [_thread_blocked, id=14300, stack(0x00000005f9900000,0x00000005f9a00000)]
  0x0000015d3336a000 JavaThread "C1 CompilerThread1" daemon [_thread_blocked, id=9928, stack(0x00000005f9a00000,0x00000005f9b00000)]
  0x0000015d3336f000 JavaThread "C1 CompilerThread2" daemon [_thread_blocked, id=1232, stack(0x00000005f9b00000,0x00000005f9c00000)]
  0x0000015d33502800 JavaThread "Monitor Ctrl-Break" daemon [_thread_in_native, id=11804, stack(0x00000005f9d00000,0x00000005f9e00000)]
  0x0000015d3354d000 JavaThread "Service Thread" daemon [_thread_blocked, id=13488, stack(0x00000005f9e00000,0x00000005f9f00000)]
  0x0000015d339bd800 JavaThread "C1 CompilerThread3" daemon [_thread_blocked, id=12800, stack(0x00000005f9c00000,0x00000005f9d00000)]
  0x0000015d3c933800 JavaThread "C2 CompilerThread1" daemon [_thread_blocked, id=16636, stack(0x00000005fa300000,0x00000005fa400000)]
  0x0000015d3c8a9000 JavaThread "Java2D Disposer" daemon [_thread_blocked, id=12296, stack(0x00000005fa400000,0x00000005fa500000)]
  0x0000015d3c91c000 JavaThread "C2 CompilerThread2" daemon [_thread_blocked, id=15424, stack(0x00000005fa500000,0x00000005fa600000)]
  0x0000015d3cc31800 JavaThread "AWT-Shutdown" [_thread_blocked, id=1648, stack(0x00000005fa600000,0x00000005fa700000)]
  0x0000015d3cc32800 JavaThread "AWT-Windows" daemon [_thread_in_native, id=20244, stack(0x00000005fa700000,0x00000005fa800000)]

Other Threads:
  0x0000015d3298d800 VMThread "VM Thread" [stack: 0x00000005f9100000,0x00000005f9200000] [id=18888]
  0x0000015d33713800 WatcherThread [stack: 0x00000005f9f00000,0x00000005fa000000] [id=14412]
  0x0000015d127be800 GCTaskThread "GC Thread#0" [stack: 0x00000005f8c00000,0x00000005f8d00000] [id=19604]
  0x0000015d3c9e7000 GCTaskThread "GC Thread#1" [stack: 0x00000005fa800000,0x00000005fa900000] [id=11144]
  0x0000015d3cb25800 GCTaskThread "GC Thread#2" [stack: 0x00000005fa900000,0x00000005faa00000] [id=13252]
  0x0000015d3cb26000 GCTaskThread "GC Thread#3" [stack: 0x00000005faa00000,0x00000005fab00000] [id=10012]
  0x0000015d3cb27000 GCTaskThread "GC Thread#4" [stack: 0x00000005fab00000,0x00000005fac00000] [id=16776]
  0x0000015d3cb1a000 GCTaskThread "GC Thread#5" [stack: 0x00000005fac00000,0x00000005fad00000] [id=7944]
  0x0000015d1281e000 ConcurrentGCThread "G1 Main Marker" [stack: 0x00000005f8d00000,0x00000005f8e00000] [id=3460]
  0x0000015d1281f800 ConcurrentGCThread "G1 Conc#0" [stack: 0x00000005f8e00000,0x00000005f8f00000] [id=10156]
  0x0000015d3289a800 ConcurrentGCThread "G1 Refine#0" [stack: 0x00000005f8f00000,0x00000005f9000000] [id=12804]
  0x0000015d3289c800 ConcurrentGCThread "G1 Young RemSet Sampling" [stack: 0x00000005f9000000,0x00000005f9100000] [id=17616]

Threads with active compile tasks:

VM state:not at safepoint (normal execution)

VM Mutex/Monitor currently owned by a thread: None

Heap address: 0x0000000701600000, size: 4074 MB, Compressed Oops mode: Zero based, Oop shift amount: 3
Narrow klass base: 0x0000000800000000, Narrow klass shift: 3
Compressed class space size: 1073741824 Address: 0x0000000840000000

Heap:
 garbage-first heap   total 262144K, used 42501K [0x0000000701600000, 0x0000000800000000)
  region size 1024K, 8 young (8192K), 3 survivors (3072K)
 Metaspace       used 10688K, capacity 11031K, committed 11264K, reserved 1058816K
  class space    used 788K, capacity 923K, committed 1024K, reserved 1048576K
Heap Regions: E=young(eden), S=young(survivor), O=old, HS=humongous(starts), HC=humongous(continues), CS=collection set, F=free, A=archive, TAMS=top-at-mark-start (previous, next)
|   0|0x0000000701600000, 0x0000000701681400, 0x0000000701700000| 50%| O|  |TAMS 0x0000000701600000, 0x0000000701600000| Untracked 
|   1|0x0000000701700000, 0x0000000701800000, 0x0000000701800000|100%|HS|  |TAMS 0x0000000701700000, 0x0000000701700000| Complete 
|   2|0x0000000701800000, 0x0000000701900000, 0x0000000701900000|100%|HC|  |TAMS 0x0000000701800000, 0x0000000701800000| Complete 
|   3|0x0000000701900000, 0x0000000701a00000, 0x0000000701a00000|100%|HC|  |TAMS 0x0000000701900000, 0x0000000701900000| Complete 
|   4|0x0000000701a00000, 0x0000000701b00000, 0x0000000701b00000|100%|HC|  |TAMS 0x0000000701a00000, 0x0000000701a00000| Complete 
|   5|0x0000000701b00000, 0x0000000701c00000, 0x0000000701c00000|100%|HC|  |TAMS 0x0000000701b00000, 0x0000000701b00000| Complete 
|   6|0x0000000701c00000, 0x0000000701d00000, 0x0000000701d00000|100%|HC|  |TAMS 0x0000000701c00000, 0x0000000701c00000| Complete 
|   7|0x0000000701d00000, 0x0000000701e00000, 0x0000000701e00000|100%|HC|  |TAMS 0x0000000701d00000, 0x0000000701d00000| Complete 
|   8|0x0000000701e00000, 0x0000000701f00000, 0x0000000701f00000|100%|HC|  |TAMS 0x0000000701e00000, 0x0000000701e00000| Complete 
|   9|0x0000000701f00000, 0x0000000702000000, 0x0000000702000000|100%|HC|  |TAMS 0x0000000701f00000, 0x0000000701f00000| Complete 
|  10|0x0000000702000000, 0x0000000702100000, 0x0000000702100000|100%|HC|  |TAMS 0x0000000702000000, 0x0000000702000000| Complete 
|  11|0x0000000702100000, 0x0000000702200000, 0x0000000702200000|100%|HC|  |TAMS 0x0000000702100000, 0x0000000702100000| Complete 
|  12|0x0000000702200000, 0x0000000702300000, 0x0000000702300000|100%|HC|  |TAMS 0x0000000702200000, 0x0000000702200000| Complete 
|  13|0x0000000702300000, 0x0000000702400000, 0x0000000702400000|100%|HC|  |TAMS 0x0000000702300000, 0x0000000702300000| Complete 
|  14|0x0000000702400000, 0x0000000702500000, 0x0000000702500000|100%|HC|  |TAMS 0x0000000702400000, 0x0000000702400000| Complete 
|  15|0x0000000702500000, 0x0000000702600000, 0x0000000702600000|100%|HC|  |TAMS 0x0000000702500000, 0x0000000702500000| Complete 
|  16|0x0000000702600000, 0x0000000702700000, 0x0000000702700000|100%|HC|  |TAMS 0x0000000702600000, 0x0000000702600000| Complete 
|  17|0x0000000702700000, 0x0000000702800000, 0x0000000702800000|100%|HC|  |TAMS 0x0000000702700000, 0x0000000702700000| Complete 
|  18|0x0000000702800000, 0x0000000702900000, 0x0000000702900000|100%|HS|  |TAMS 0x0000000702800000, 0x0000000702800000| Complete 
|  19|0x0000000702900000, 0x0000000702a00000, 0x0000000702a00000|100%|HC|  |TAMS 0x0000000702900000, 0x0000000702900000| Complete 
|  20|0x0000000702a00000, 0x0000000702b00000, 0x0000000702b00000|100%|HC|  |TAMS 0x0000000702a00000, 0x0000000702a00000| Complete 
|  21|0x0000000702b00000, 0x0000000702c00000, 0x0000000702c00000|100%|HC|  |TAMS 0x0000000702b00000, 0x0000000702b00000| Complete 
|  22|0x0000000702c00000, 0x0000000702d00000, 0x0000000702d00000|100%|HC|  |TAMS 0x0000000702c00000, 0x0000000702c00000| Complete 
|  23|0x0000000702d00000, 0x0000000702e00000, 0x0000000702e00000|100%|HC|  |TAMS 0x0000000702d00000, 0x0000000702d00000| Complete 
|  24|0x0000000702e00000, 0x0000000702f00000, 0x0000000702f00000|100%|HC|  |TAMS 0x0000000702e00000, 0x0000000702e00000| Complete 
|  25|0x0000000702f00000, 0x0000000703000000, 0x0000000703000000|100%|HC|  |TAMS 0x0000000702f00000, 0x0000000702f00000| Complete 
|  26|0x0000000703000000, 0x0000000703100000, 0x0000000703100000|100%|HC|  |TAMS 0x0000000703000000, 0x0000000703000000| Complete 
|  27|0x0000000703100000, 0x0000000703200000, 0x0000000703200000|100%|HC|  |TAMS 0x0000000703100000, 0x0000000703100000| Complete 
|  28|0x0000000703200000, 0x0000000703300000, 0x0000000703300000|100%|HC|  |TAMS 0x0000000703200000, 0x0000000703200000| Complete 
|  29|0x0000000703300000, 0x0000000703400000, 0x0000000703400000|100%|HC|  |TAMS 0x0000000703300000, 0x0000000703300000| Complete 
|  30|0x0000000703400000, 0x0000000703500000, 0x0000000703500000|100%|HC|  |TAMS 0x0000000703400000, 0x0000000703400000| Complete 
|  31|0x0000000703500000, 0x0000000703600000, 0x0000000703600000|100%|HC|  |TAMS 0x0000000703500000, 0x0000000703500000| Complete 
|  32|0x0000000703600000, 0x0000000703700000, 0x0000000703700000|100%|HC|  |TAMS 0x0000000703600000, 0x0000000703600000| Complete 
|  33|0x0000000703700000, 0x0000000703800000, 0x0000000703800000|100%|HC|  |TAMS 0x0000000703700000, 0x0000000703700000| Complete 
|  34|0x0000000703800000, 0x0000000703900000, 0x0000000703900000|100%|HC|  |TAMS 0x0000000703800000, 0x0000000703800000| Complete 
|  35|0x0000000703900000, 0x0000000703900000, 0x0000000703a00000|  0%| F|  |TAMS 0x0000000703900000, 0x0000000703900000| Untracked 
|  36|0x0000000703a00000, 0x0000000703a00000, 0x0000000703b00000|  0%| F|  |TAMS 0x0000000703a00000, 0x0000000703a00000| Untracked 
|  37|0x0000000703b00000, 0x0000000703b00000, 0x0000000703c00000|  0%| F|  |TAMS 0x0000000703b00000, 0x0000000703b00000| Untracked 
|  38|0x0000000703c00000, 0x0000000703c00000, 0x0000000703d00000|  0%| F|  |TAMS 0x0000000703c00000, 0x0000000703c00000| Untracked 
|  39|0x0000000703d00000, 0x0000000703d00000, 0x0000000703e00000|  0%| F|  |TAMS 0x0000000703d00000, 0x0000000703d00000| Untracked 
|  40|0x0000000703e00000, 0x0000000703e00000, 0x0000000703f00000|  0%| F|  |TAMS 0x0000000703e00000, 0x0000000703e00000| Untracked 
|  41|0x0000000703f00000, 0x0000000703f00000, 0x0000000704000000|  0%| F|  |TAMS 0x0000000703f00000, 0x0000000703f00000| Untracked 
|  42|0x0000000704000000, 0x0000000704000000, 0x0000000704100000|  0%| F|  |TAMS 0x0000000704000000, 0x0000000704000000| Untracked 
|  43|0x0000000704100000, 0x0000000704100000, 0x0000000704200000|  0%| F|  |TAMS 0x0000000704100000, 0x0000000704100000| Untracked 
|  44|0x0000000704200000, 0x0000000704200000, 0x0000000704300000|  0%| F|  |TAMS 0x0000000704200000, 0x0000000704200000| Untracked 
|  45|0x0000000704300000, 0x0000000704300000, 0x0000000704400000|  0%| F|  |TAMS 0x0000000704300000, 0x0000000704300000| Untracked 
|  46|0x0000000704400000, 0x0000000704400000, 0x0000000704500000|  0%| F|  |TAMS 0x0000000704400000, 0x0000000704400000| Untracked 
|  47|0x0000000704500000, 0x0000000704500000, 0x0000000704600000|  0%| F|  |TAMS 0x0000000704500000, 0x0000000704500000| Untracked 
|  48|0x0000000704600000, 0x0000000704600000, 0x0000000704700000|  0%| F|  |TAMS 0x0000000704600000, 0x0000000704600000| Untracked 
|  49|0x0000000704700000, 0x0000000704700000, 0x0000000704800000|  0%| F|  |TAMS 0x0000000704700000, 0x0000000704700000| Untracked 
|  50|0x0000000704800000, 0x0000000704800000, 0x0000000704900000|  0%| F|  |TAMS 0x0000000704800000, 0x0000000704800000| Untracked 
|  51|0x0000000704900000, 0x0000000704900000, 0x0000000704a00000|  0%| F|  |TAMS 0x0000000704900000, 0x0000000704900000| Untracked 
|  52|0x0000000704a00000, 0x0000000704a00000, 0x0000000704b00000|  0%| F|  |TAMS 0x0000000704a00000, 0x0000000704a00000| Untracked 
|  53|0x0000000704b00000, 0x0000000704b00000, 0x0000000704c00000|  0%| F|  |TAMS 0x0000000704b00000, 0x0000000704b00000| Untracked 
|  54|0x0000000704c00000, 0x0000000704c00000, 0x0000000704d00000|  0%| F|  |TAMS 0x0000000704c00000, 0x0000000704c00000| Untracked 
|  55|0x0000000704d00000, 0x0000000704d00000, 0x0000000704e00000|  0%| F|  |TAMS 0x0000000704d00000, 0x0000000704d00000| Untracked 
|  56|0x0000000704e00000, 0x0000000704e00000, 0x0000000704f00000|  0%| F|  |TAMS 0x0000000704e00000, 0x0000000704e00000| Untracked 
|  57|0x0000000704f00000, 0x0000000704f00000, 0x0000000705000000|  0%| F|  |TAMS 0x0000000704f00000, 0x0000000704f00000| Untracked 
|  58|0x0000000705000000, 0x0000000705000000, 0x0000000705100000|  0%| F|  |TAMS 0x0000000705000000, 0x0000000705000000| Untracked 
|  59|0x0000000705100000, 0x0000000705100000, 0x0000000705200000|  0%| F|  |TAMS 0x0000000705100000, 0x0000000705100000| Untracked 
|  60|0x0000000705200000, 0x0000000705200000, 0x0000000705300000|  0%| F|  |TAMS 0x0000000705200000, 0x0000000705200000| Untracked 
|  61|0x0000000705300000, 0x0000000705300000, 0x0000000705400000|  0%| F|  |TAMS 0x0000000705300000, 0x0000000705300000| Untracked 
|  62|0x0000000705400000, 0x0000000705400000, 0x0000000705500000|  0%| F|  |TAMS 0x0000000705400000, 0x0000000705400000| Untracked 
|  63|0x0000000705500000, 0x0000000705500000, 0x0000000705600000|  0%| F|  |TAMS 0x0000000705500000, 0x0000000705500000| Untracked 
|  64|0x0000000705600000, 0x0000000705600000, 0x0000000705700000|  0%| F|  |TAMS 0x0000000705600000, 0x0000000705600000| Untracked 
|  65|0x0000000705700000, 0x0000000705700000, 0x0000000705800000|  0%| F|  |TAMS 0x0000000705700000, 0x0000000705700000| Untracked 
|  66|0x0000000705800000, 0x0000000705800000, 0x0000000705900000|  0%| F|  |TAMS 0x0000000705800000, 0x0000000705800000| Untracked 
|  67|0x0000000705900000, 0x0000000705900000, 0x0000000705a00000|  0%| F|  |TAMS 0x0000000705900000, 0x0000000705900000| Untracked 
|  68|0x0000000705a00000, 0x0000000705a00000, 0x0000000705b00000|  0%| F|  |TAMS 0x0000000705a00000, 0x0000000705a00000| Untracked 
|  69|0x0000000705b00000, 0x0000000705b00000, 0x0000000705c00000|  0%| F|  |TAMS 0x0000000705b00000, 0x0000000705b00000| Untracked 
|  70|0x0000000705c00000, 0x0000000705c00000, 0x0000000705d00000|  0%| F|  |TAMS 0x0000000705c00000, 0x0000000705c00000| Untracked 
|  71|0x0000000705d00000, 0x0000000705d00000, 0x0000000705e00000|  0%| F|  |TAMS 0x0000000705d00000, 0x0000000705d00000| Untracked 
|  72|0x0000000705e00000, 0x0000000705e00000, 0x0000000705f00000|  0%| F|  |TAMS 0x0000000705e00000, 0x0000000705e00000| Untracked 
|  73|0x0000000705f00000, 0x0000000705f00000, 0x0000000706000000|  0%| F|  |TAMS 0x0000000705f00000, 0x0000000705f00000| Untracked 
|  74|0x0000000706000000, 0x0000000706000000, 0x0000000706100000|  0%| F|  |TAMS 0x0000000706000000, 0x0000000706000000| Untracked 
|  75|0x0000000706100000, 0x0000000706100000, 0x0000000706200000|  0%| F|  |TAMS 0x0000000706100000, 0x0000000706100000| Untracked 
|  76|0x0000000706200000, 0x0000000706200000, 0x0000000706300000|  0%| F|  |TAMS 0x0000000706200000, 0x0000000706200000| Untracked 
|  77|0x0000000706300000, 0x0000000706300000, 0x0000000706400000|  0%| F|  |TAMS 0x0000000706300000, 0x0000000706300000| Untracked 
|  78|0x0000000706400000, 0x0000000706400000, 0x0000000706500000|  0%| F|  |TAMS 0x0000000706400000, 0x0000000706400000| Untracked 
|  79|0x0000000706500000, 0x0000000706500000, 0x0000000706600000|  0%| F|  |TAMS 0x0000000706500000, 0x0000000706500000| Untracked 
|  80|0x0000000706600000, 0x0000000706600000, 0x0000000706700000|  0%| F|  |TAMS 0x0000000706600000, 0x0000000706600000| Untracked 
|  81|0x0000000706700000, 0x0000000706700000, 0x0000000706800000|  0%| F|  |TAMS 0x0000000706700000, 0x0000000706700000| Untracked 
|  82|0x0000000706800000, 0x0000000706800000, 0x0000000706900000|  0%| F|  |TAMS 0x0000000706800000, 0x0000000706800000| Untracked 
|  83|0x0000000706900000, 0x0000000706900000, 0x0000000706a00000|  0%| F|  |TAMS 0x0000000706900000, 0x0000000706900000| Untracked 
|  84|0x0000000706a00000, 0x0000000706a00000, 0x0000000706b00000|  0%| F|  |TAMS 0x0000000706a00000, 0x0000000706a00000| Untracked 
|  85|0x0000000706b00000, 0x0000000706b00000, 0x0000000706c00000|  0%| F|  |TAMS 0x0000000706b00000, 0x0000000706b00000| Untracked 
|  86|0x0000000706c00000, 0x0000000706c00000, 0x0000000706d00000|  0%| F|  |TAMS 0x0000000706c00000, 0x0000000706c00000| Untracked 
|  87|0x0000000706d00000, 0x0000000706d00000, 0x0000000706e00000|  0%| F|  |TAMS 0x0000000706d00000, 0x0000000706d00000| Untracked 
|  88|0x0000000706e00000, 0x0000000706e00000, 0x0000000706f00000|  0%| F|  |TAMS 0x0000000706e00000, 0x0000000706e00000| Untracked 
|  89|0x0000000706f00000, 0x0000000706f00000, 0x0000000707000000|  0%| F|  |TAMS 0x0000000706f00000, 0x0000000706f00000| Untracked 
|  90|0x0000000707000000, 0x0000000707000000, 0x0000000707100000|  0%| F|  |TAMS 0x0000000707000000, 0x0000000707000000| Untracked 
|  91|0x0000000707100000, 0x0000000707100000, 0x0000000707200000|  0%| F|  |TAMS 0x0000000707100000, 0x0000000707100000| Untracked 
|  92|0x0000000707200000, 0x0000000707200000, 0x0000000707300000|  0%| F|  |TAMS 0x0000000707200000, 0x0000000707200000| Untracked 
|  93|0x0000000707300000, 0x0000000707300000, 0x0000000707400000|  0%| F|  |TAMS 0x0000000707300000, 0x0000000707300000| Untracked 
|  94|0x0000000707400000, 0x0000000707400000, 0x0000000707500000|  0%| F|  |TAMS 0x0000000707400000, 0x0000000707400000| Untracked 
|  95|0x0000000707500000, 0x0000000707500000, 0x0000000707600000|  0%| F|  |TAMS 0x0000000707500000, 0x0000000707500000| Untracked 
|  96|0x0000000707600000, 0x0000000707600000, 0x0000000707700000|  0%| F|  |TAMS 0x0000000707600000, 0x0000000707600000| Untracked 
|  97|0x0000000707700000, 0x0000000707700000, 0x0000000707800000|  0%| F|  |TAMS 0x0000000707700000, 0x0000000707700000| Untracked 
|  98|0x0000000707800000, 0x0000000707800000, 0x0000000707900000|  0%| F|  |TAMS 0x0000000707800000, 0x0000000707800000| Untracked 
|  99|0x0000000707900000, 0x0000000707900000, 0x0000000707a00000|  0%| F|  |TAMS 0x0000000707900000, 0x0000000707900000| Untracked 
| 100|0x0000000707a00000, 0x0000000707a00000, 0x0000000707b00000|  0%| F|  |TAMS 0x0000000707a00000, 0x0000000707a00000| Untracked 
| 101|0x0000000707b00000, 0x0000000707b00000, 0x0000000707c00000|  0%| F|  |TAMS 0x0000000707b00000, 0x0000000707b00000| Untracked 
| 102|0x0000000707c00000, 0x0000000707c00000, 0x0000000707d00000|  0%| F|  |TAMS 0x0000000707c00000, 0x0000000707c00000| Untracked 
| 103|0x0000000707d00000, 0x0000000707d00000, 0x0000000707e00000|  0%| F|  |TAMS 0x0000000707d00000, 0x0000000707d00000| Untracked 
| 104|0x0000000707e00000, 0x0000000707e00000, 0x0000000707f00000|  0%| F|  |TAMS 0x0000000707e00000, 0x0000000707e00000| Untracked 
| 105|0x0000000707f00000, 0x0000000707f00000, 0x0000000708000000|  0%| F|  |TAMS 0x0000000707f00000, 0x0000000707f00000| Untracked 
| 106|0x0000000708000000, 0x0000000708000000, 0x0000000708100000|  0%| F|  |TAMS 0x0000000708000000, 0x0000000708000000| Untracked 
| 107|0x0000000708100000, 0x0000000708100000, 0x0000000708200000|  0%| F|  |TAMS 0x0000000708100000, 0x0000000708100000| Untracked 
| 108|0x0000000708200000, 0x0000000708200000, 0x0000000708300000|  0%| F|  |TAMS 0x0000000708200000, 0x0000000708200000| Untracked 
| 109|0x0000000708300000, 0x0000000708300000, 0x0000000708400000|  0%| F|  |TAMS 0x0000000708300000, 0x0000000708300000| Untracked 
| 110|0x0000000708400000, 0x0000000708400000, 0x0000000708500000|  0%| F|  |TAMS 0x0000000708400000, 0x0000000708400000| Untracked 
| 111|0x0000000708500000, 0x0000000708500000, 0x0000000708600000|  0%| F|  |TAMS 0x0000000708500000, 0x0000000708500000| Untracked 
| 112|0x0000000708600000, 0x0000000708600000, 0x0000000708700000|  0%| F|  |TAMS 0x0000000708600000, 0x0000000708600000| Untracked 
| 113|0x0000000708700000, 0x0000000708700000, 0x0000000708800000|  0%| F|  |TAMS 0x0000000708700000, 0x0000000708700000| Untracked 
| 114|0x0000000708800000, 0x0000000708800000, 0x0000000708900000|  0%| F|  |TAMS 0x0000000708800000, 0x0000000708800000| Untracked 
| 115|0x0000000708900000, 0x0000000708900000, 0x0000000708a00000|  0%| F|  |TAMS 0x0000000708900000, 0x0000000708900000| Untracked 
| 116|0x0000000708a00000, 0x0000000708a00000, 0x0000000708b00000|  0%| F|  |TAMS 0x0000000708a00000, 0x0000000708a00000| Untracked 
| 117|0x0000000708b00000, 0x0000000708b00000, 0x0000000708c00000|  0%| F|  |TAMS 0x0000000708b00000, 0x0000000708b00000| Untracked 
| 118|0x0000000708c00000, 0x0000000708c00000, 0x0000000708d00000|  0%| F|  |TAMS 0x0000000708c00000, 0x0000000708c00000| Untracked 
| 119|0x0000000708d00000, 0x0000000708d00000, 0x0000000708e00000|  0%| F|  |TAMS 0x0000000708d00000, 0x0000000708d00000| Untracked 
| 120|0x0000000708e00000, 0x0000000708e00000, 0x0000000708f00000|  0%| F|  |TAMS 0x0000000708e00000, 0x0000000708e00000| Untracked 
| 121|0x0000000708f00000, 0x0000000708f00000, 0x0000000709000000|  0%| F|  |TAMS 0x0000000708f00000, 0x0000000708f00000| Untracked 
| 122|0x0000000709000000, 0x0000000709000000, 0x0000000709100000|  0%| F|  |TAMS 0x0000000709000000, 0x0000000709000000| Untracked 
| 123|0x0000000709100000, 0x0000000709100000, 0x0000000709200000|  0%| F|  |TAMS 0x0000000709100000, 0x0000000709100000| Untracked 
| 124|0x0000000709200000, 0x0000000709200000, 0x0000000709300000|  0%| F|  |TAMS 0x0000000709200000, 0x0000000709200000| Untracked 
| 125|0x0000000709300000, 0x0000000709300000, 0x0000000709400000|  0%| F|  |TAMS 0x0000000709300000, 0x0000000709300000| Untracked 
| 126|0x0000000709400000, 0x0000000709400000, 0x0000000709500000|  0%| F|  |TAMS 0x0000000709400000, 0x0000000709400000| Untracked 
| 127|0x0000000709500000, 0x0000000709500000, 0x0000000709600000|  0%| F|  |TAMS 0x0000000709500000, 0x0000000709500000| Untracked 
| 128|0x0000000709600000, 0x0000000709600000, 0x0000000709700000|  0%| F|  |TAMS 0x0000000709600000, 0x0000000709600000| Untracked 
| 129|0x0000000709700000, 0x0000000709700000, 0x0000000709800000|  0%| F|  |TAMS 0x0000000709700000, 0x0000000709700000| Untracked 
| 130|0x0000000709800000, 0x0000000709800000, 0x0000000709900000|  0%| F|  |TAMS 0x0000000709800000, 0x0000000709800000| Untracked 
| 131|0x0000000709900000, 0x0000000709900000, 0x0000000709a00000|  0%| F|  |TAMS 0x0000000709900000, 0x0000000709900000| Untracked 
| 132|0x0000000709a00000, 0x0000000709a00000, 0x0000000709b00000|  0%| F|  |TAMS 0x0000000709a00000, 0x0000000709a00000| Untracked 
| 133|0x0000000709b00000, 0x0000000709b00000, 0x0000000709c00000|  0%| F|  |TAMS 0x0000000709b00000, 0x0000000709b00000| Untracked 
| 134|0x0000000709c00000, 0x0000000709c00000, 0x0000000709d00000|  0%| F|  |TAMS 0x0000000709c00000, 0x0000000709c00000| Untracked 
| 135|0x0000000709d00000, 0x0000000709d00000, 0x0000000709e00000|  0%| F|  |TAMS 0x0000000709d00000, 0x0000000709d00000| Untracked 
| 136|0x0000000709e00000, 0x0000000709e00000, 0x0000000709f00000|  0%| F|  |TAMS 0x0000000709e00000, 0x0000000709e00000| Untracked 
| 137|0x0000000709f00000, 0x0000000709f00000, 0x000000070a000000|  0%| F|  |TAMS 0x0000000709f00000, 0x0000000709f00000| Untracked 
| 138|0x000000070a000000, 0x000000070a000000, 0x000000070a100000|  0%| F|  |TAMS 0x000000070a000000, 0x000000070a000000| Untracked 
| 139|0x000000070a100000, 0x000000070a100000, 0x000000070a200000|  0%| F|  |TAMS 0x000000070a100000, 0x000000070a100000| Untracked 
| 140|0x000000070a200000, 0x000000070a200000, 0x000000070a300000|  0%| F|  |TAMS 0x000000070a200000, 0x000000070a200000| Untracked 
| 141|0x000000070a300000, 0x000000070a300000, 0x000000070a400000|  0%| F|  |TAMS 0x000000070a300000, 0x000000070a300000| Untracked 
| 142|0x000000070a400000, 0x000000070a400000, 0x000000070a500000|  0%| F|  |TAMS 0x000000070a400000, 0x000000070a400000| Untracked 
| 143|0x000000070a500000, 0x000000070a500000, 0x000000070a600000|  0%| F|  |TAMS 0x000000070a500000, 0x000000070a500000| Untracked 
| 144|0x000000070a600000, 0x000000070a600000, 0x000000070a700000|  0%| F|  |TAMS 0x000000070a600000, 0x000000070a600000| Untracked 
| 145|0x000000070a700000, 0x000000070a700000, 0x000000070a800000|  0%| F|  |TAMS 0x000000070a700000, 0x000000070a700000| Untracked 
| 146|0x000000070a800000, 0x000000070a800000, 0x000000070a900000|  0%| F|  |TAMS 0x000000070a800000, 0x000000070a800000| Untracked 
| 147|0x000000070a900000, 0x000000070a900000, 0x000000070aa00000|  0%| F|  |TAMS 0x000000070a900000, 0x000000070a900000| Untracked 
| 148|0x000000070aa00000, 0x000000070aa00000, 0x000000070ab00000|  0%| F|  |TAMS 0x000000070aa00000, 0x000000070aa00000| Untracked 
| 149|0x000000070ab00000, 0x000000070ab00000, 0x000000070ac00000|  0%| F|  |TAMS 0x000000070ab00000, 0x000000070ab00000| Untracked 
| 150|0x000000070ac00000, 0x000000070ac00000, 0x000000070ad00000|  0%| F|  |TAMS 0x000000070ac00000, 0x000000070ac00000| Untracked 
| 151|0x000000070ad00000, 0x000000070ad00000, 0x000000070ae00000|  0%| F|  |TAMS 0x000000070ad00000, 0x000000070ad00000| Untracked 
| 152|0x000000070ae00000, 0x000000070ae00000, 0x000000070af00000|  0%| F|  |TAMS 0x000000070ae00000, 0x000000070ae00000| Untracked 
| 153|0x000000070af00000, 0x000000070af00000, 0x000000070b000000|  0%| F|  |TAMS 0x000000070af00000, 0x000000070af00000| Untracked 
| 154|0x000000070b000000, 0x000000070b000000, 0x000000070b100000|  0%| F|  |TAMS 0x000000070b000000, 0x000000070b000000| Untracked 
| 155|0x000000070b100000, 0x000000070b100000, 0x000000070b200000|  0%| F|  |TAMS 0x000000070b100000, 0x000000070b100000| Untracked 
| 156|0x000000070b200000, 0x000000070b200000, 0x000000070b300000|  0%| F|  |TAMS 0x000000070b200000, 0x000000070b200000| Untracked 
| 157|0x000000070b300000, 0x000000070b300000, 0x000000070b400000|  0%| F|  |TAMS 0x000000070b300000, 0x000000070b300000| Untracked 
| 158|0x000000070b400000, 0x000000070b400000, 0x000000070b500000|  0%| F|  |TAMS 0x000000070b400000, 0x000000070b400000| Untracked 
| 159|0x000000070b500000, 0x000000070b500000, 0x000000070b600000|  0%| F|  |TAMS 0x000000070b500000, 0x000000070b500000| Untracked 
| 160|0x000000070b600000, 0x000000070b600000, 0x000000070b700000|  0%| F|  |TAMS 0x000000070b600000, 0x000000070b600000| Untracked 
| 161|0x000000070b700000, 0x000000070b700000, 0x000000070b800000|  0%| F|  |TAMS 0x000000070b700000, 0x000000070b700000| Untracked 
| 162|0x000000070b800000, 0x000000070b800000, 0x000000070b900000|  0%| F|  |TAMS 0x000000070b800000, 0x000000070b800000| Untracked 
| 163|0x000000070b900000, 0x000000070b900000, 0x000000070ba00000|  0%| F|  |TAMS 0x000000070b900000, 0x000000070b900000| Untracked 
| 164|0x000000070ba00000, 0x000000070ba00000, 0x000000070bb00000|  0%| F|  |TAMS 0x000000070ba00000, 0x000000070ba00000| Untracked 
| 165|0x000000070bb00000, 0x000000070bb00000, 0x000000070bc00000|  0%| F|  |TAMS 0x000000070bb00000, 0x000000070bb00000| Untracked 
| 166|0x000000070bc00000, 0x000000070bc00000, 0x000000070bd00000|  0%| F|  |TAMS 0x000000070bc00000, 0x000000070bc00000| Untracked 
| 167|0x000000070bd00000, 0x000000070bd00000, 0x000000070be00000|  0%| F|  |TAMS 0x000000070bd00000, 0x000000070bd00000| Untracked 
| 168|0x000000070be00000, 0x000000070be00000, 0x000000070bf00000|  0%| F|  |TAMS 0x000000070be00000, 0x000000070be00000| Untracked 
| 169|0x000000070bf00000, 0x000000070bf00000, 0x000000070c000000|  0%| F|  |TAMS 0x000000070bf00000, 0x000000070bf00000| Untracked 
| 170|0x000000070c000000, 0x000000070c000000, 0x000000070c100000|  0%| F|  |TAMS 0x000000070c000000, 0x000000070c000000| Untracked 
| 171|0x000000070c100000, 0x000000070c100000, 0x000000070c200000|  0%| F|  |TAMS 0x000000070c100000, 0x000000070c100000| Untracked 
| 172|0x000000070c200000, 0x000000070c200000, 0x000000070c300000|  0%| F|  |TAMS 0x000000070c200000, 0x000000070c200000| Untracked 
| 173|0x000000070c300000, 0x000000070c300000, 0x000000070c400000|  0%| F|  |TAMS 0x000000070c300000, 0x000000070c300000| Untracked 
| 174|0x000000070c400000, 0x000000070c400000, 0x000000070c500000|  0%| F|  |TAMS 0x000000070c400000, 0x000000070c400000| Untracked 
| 175|0x000000070c500000, 0x000000070c500000, 0x000000070c600000|  0%| F|  |TAMS 0x000000070c500000, 0x000000070c500000| Untracked 
| 176|0x000000070c600000, 0x000000070c600000, 0x000000070c700000|  0%| F|  |TAMS 0x000000070c600000, 0x000000070c600000| Untracked 
| 177|0x000000070c700000, 0x000000070c700000, 0x000000070c800000|  0%| F|  |TAMS 0x000000070c700000, 0x000000070c700000| Untracked 
| 178|0x000000070c800000, 0x000000070c800000, 0x000000070c900000|  0%| F|  |TAMS 0x000000070c800000, 0x000000070c800000| Untracked 
| 179|0x000000070c900000, 0x000000070c900000, 0x000000070ca00000|  0%| F|  |TAMS 0x000000070c900000, 0x000000070c900000| Untracked 
| 180|0x000000070ca00000, 0x000000070ca00000, 0x000000070cb00000|  0%| F|  |TAMS 0x000000070ca00000, 0x000000070ca00000| Untracked 
| 181|0x000000070cb00000, 0x000000070cb00000, 0x000000070cc00000|  0%| F|  |TAMS 0x000000070cb00000, 0x000000070cb00000| Untracked 
| 182|0x000000070cc00000, 0x000000070cc00000, 0x000000070cd00000|  0%| F|  |TAMS 0x000000070cc00000, 0x000000070cc00000| Untracked 
| 183|0x000000070cd00000, 0x000000070cd00000, 0x000000070ce00000|  0%| F|  |TAMS 0x000000070cd00000, 0x000000070cd00000| Untracked 
| 184|0x000000070ce00000, 0x000000070ce00000, 0x000000070cf00000|  0%| F|  |TAMS 0x000000070ce00000, 0x000000070ce00000| Untracked 
| 185|0x000000070cf00000, 0x000000070cf00000, 0x000000070d000000|  0%| F|  |TAMS 0x000000070cf00000, 0x000000070cf00000| Untracked 
| 186|0x000000070d000000, 0x000000070d000000, 0x000000070d100000|  0%| F|  |TAMS 0x000000070d000000, 0x000000070d000000| Untracked 
| 187|0x000000070d100000, 0x000000070d100000, 0x000000070d200000|  0%| F|  |TAMS 0x000000070d100000, 0x000000070d100000| Untracked 
| 188|0x000000070d200000, 0x000000070d200000, 0x000000070d300000|  0%| F|  |TAMS 0x000000070d200000, 0x000000070d200000| Untracked 
| 189|0x000000070d300000, 0x000000070d300000, 0x000000070d400000|  0%| F|  |TAMS 0x000000070d300000, 0x000000070d300000| Untracked 
| 190|0x000000070d400000, 0x000000070d400000, 0x000000070d500000|  0%| F|  |TAMS 0x000000070d400000, 0x000000070d400000| Untracked 
| 191|0x000000070d500000, 0x000000070d500000, 0x000000070d600000|  0%| F|  |TAMS 0x000000070d500000, 0x000000070d500000| Untracked 
| 192|0x000000070d600000, 0x000000070d600000, 0x000000070d700000|  0%| F|  |TAMS 0x000000070d600000, 0x000000070d600000| Untracked 
| 193|0x000000070d700000, 0x000000070d700000, 0x000000070d800000|  0%| F|  |TAMS 0x000000070d700000, 0x000000070d700000| Untracked 
| 194|0x000000070d800000, 0x000000070d800000, 0x000000070d900000|  0%| F|  |TAMS 0x000000070d800000, 0x000000070d800000| Untracked 
| 195|0x000000070d900000, 0x000000070d900000, 0x000000070da00000|  0%| F|  |TAMS 0x000000070d900000, 0x000000070d900000| Untracked 
| 196|0x000000070da00000, 0x000000070da00000, 0x000000070db00000|  0%| F|  |TAMS 0x000000070da00000, 0x000000070da00000| Untracked 
| 197|0x000000070db00000, 0x000000070db00000, 0x000000070dc00000|  0%| F|  |TAMS 0x000000070db00000, 0x000000070db00000| Untracked 
| 198|0x000000070dc00000, 0x000000070dc00000, 0x000000070dd00000|  0%| F|  |TAMS 0x000000070dc00000, 0x000000070dc00000| Untracked 
| 199|0x000000070dd00000, 0x000000070dd00000, 0x000000070de00000|  0%| F|  |TAMS 0x000000070dd00000, 0x000000070dd00000| Untracked 
| 200|0x000000070de00000, 0x000000070de00000, 0x000000070df00000|  0%| F|  |TAMS 0x000000070de00000, 0x000000070de00000| Untracked 
| 201|0x000000070df00000, 0x000000070df00000, 0x000000070e000000|  0%| F|  |TAMS 0x000000070df00000, 0x000000070df00000| Untracked 
| 202|0x000000070e000000, 0x000000070e000000, 0x000000070e100000|  0%| F|  |TAMS 0x000000070e000000, 0x000000070e000000| Untracked 
| 203|0x000000070e100000, 0x000000070e100000, 0x000000070e200000|  0%| F|  |TAMS 0x000000070e100000, 0x000000070e100000| Untracked 
| 204|0x000000070e200000, 0x000000070e200000, 0x000000070e300000|  0%| F|  |TAMS 0x000000070e200000, 0x000000070e200000| Untracked 
| 205|0x000000070e300000, 0x000000070e300000, 0x000000070e400000|  0%| F|  |TAMS 0x000000070e300000, 0x000000070e300000| Untracked 
| 206|0x000000070e400000, 0x000000070e400000, 0x000000070e500000|  0%| F|  |TAMS 0x000000070e400000, 0x000000070e400000| Untracked 
| 207|0x000000070e500000, 0x000000070e500000, 0x000000070e600000|  0%| F|  |TAMS 0x000000070e500000, 0x000000070e500000| Untracked 
| 208|0x000000070e600000, 0x000000070e600000, 0x000000070e700000|  0%| F|  |TAMS 0x000000070e600000, 0x000000070e600000| Untracked 
| 209|0x000000070e700000, 0x000000070e700000, 0x000000070e800000|  0%| F|  |TAMS 0x000000070e700000, 0x000000070e700000| Untracked 
| 210|0x000000070e800000, 0x000000070e800000, 0x000000070e900000|  0%| F|  |TAMS 0x000000070e800000, 0x000000070e800000| Untracked 
| 211|0x000000070e900000, 0x000000070e900000, 0x000000070ea00000|  0%| F|  |TAMS 0x000000070e900000, 0x000000070e900000| Untracked 
| 212|0x000000070ea00000, 0x000000070ea00000, 0x000000070eb00000|  0%| F|  |TAMS 0x000000070ea00000, 0x000000070ea00000| Untracked 
| 213|0x000000070eb00000, 0x000000070eb00000, 0x000000070ec00000|  0%| F|  |TAMS 0x000000070eb00000, 0x000000070eb00000| Untracked 
| 214|0x000000070ec00000, 0x000000070ec00000, 0x000000070ed00000|  0%| F|  |TAMS 0x000000070ec00000, 0x000000070ec00000| Untracked 
| 215|0x000000070ed00000, 0x000000070ed00000, 0x000000070ee00000|  0%| F|  |TAMS 0x000000070ed00000, 0x000000070ed00000| Untracked 
| 216|0x000000070ee00000, 0x000000070ee00000, 0x000000070ef00000|  0%| F|  |TAMS 0x000000070ee00000, 0x000000070ee00000| Untracked 
| 217|0x000000070ef00000, 0x000000070ef00000, 0x000000070f000000|  0%| F|  |TAMS 0x000000070ef00000, 0x000000070ef00000| Untracked 
| 218|0x000000070f000000, 0x000000070f000000, 0x000000070f100000|  0%| F|  |TAMS 0x000000070f000000, 0x000000070f000000| Untracked 
| 219|0x000000070f100000, 0x000000070f100000, 0x000000070f200000|  0%| F|  |TAMS 0x000000070f100000, 0x000000070f100000| Untracked 
| 220|0x000000070f200000, 0x000000070f200000, 0x000000070f300000|  0%| F|  |TAMS 0x000000070f200000, 0x000000070f200000| Untracked 
| 221|0x000000070f300000, 0x000000070f300000, 0x000000070f400000|  0%| F|  |TAMS 0x000000070f300000, 0x000000070f300000| Untracked 
| 222|0x000000070f400000, 0x000000070f400000, 0x000000070f500000|  0%| F|  |TAMS 0x000000070f400000, 0x000000070f400000| Untracked 
| 223|0x000000070f500000, 0x000000070f500000, 0x000000070f600000|  0%| F|  |TAMS 0x000000070f500000, 0x000000070f500000| Untracked 
| 224|0x000000070f600000, 0x000000070f600000, 0x000000070f700000|  0%| F|  |TAMS 0x000000070f600000, 0x000000070f600000| Untracked 
| 225|0x000000070f700000, 0x000000070f700000, 0x000000070f800000|  0%| F|  |TAMS 0x000000070f700000, 0x000000070f700000| Untracked 
| 226|0x000000070f800000, 0x000000070f800000, 0x000000070f900000|  0%| F|  |TAMS 0x000000070f800000, 0x000000070f800000| Untracked 
| 227|0x000000070f900000, 0x000000070f900000, 0x000000070fa00000|  0%| F|  |TAMS 0x000000070f900000, 0x000000070f900000| Untracked 
| 228|0x000000070fa00000, 0x000000070fa00000, 0x000000070fb00000|  0%| F|  |TAMS 0x000000070fa00000, 0x000000070fa00000| Untracked 
| 229|0x000000070fb00000, 0x000000070fc00000, 0x000000070fc00000|100%| S|CS|TAMS 0x000000070fb00000, 0x000000070fb00000| Complete 
| 230|0x000000070fc00000, 0x000000070fd00000, 0x000000070fd00000|100%| S|CS|TAMS 0x000000070fc00000, 0x000000070fc00000| Complete 
| 231|0x000000070fd00000, 0x000000070fe00000, 0x000000070fe00000|100%| S|CS|TAMS 0x000000070fd00000, 0x000000070fd00000| Complete 
| 232|0x000000070fe00000, 0x000000070fe00000, 0x000000070ff00000|  0%| F|  |TAMS 0x000000070fe00000, 0x000000070fe00000| Untracked 
| 233|0x000000070ff00000, 0x000000070ff00000, 0x0000000710000000|  0%| F|  |TAMS 0x000000070ff00000, 0x000000070ff00000| Untracked 
| 234|0x0000000710000000, 0x0000000710000000, 0x0000000710100000|  0%| F|  |TAMS 0x0000000710000000, 0x0000000710000000| Untracked 
| 235|0x0000000710100000, 0x0000000710100000, 0x0000000710200000|  0%| F|  |TAMS 0x0000000710100000, 0x0000000710100000| Untracked 
| 236|0x0000000710200000, 0x0000000710200000, 0x0000000710300000|  0%| F|  |TAMS 0x0000000710200000, 0x0000000710200000| Untracked 
| 237|0x0000000710300000, 0x0000000710300000, 0x0000000710400000|  0%| F|  |TAMS 0x0000000710300000, 0x0000000710300000| Untracked 
| 238|0x0000000710400000, 0x0000000710400000, 0x0000000710500000|  0%| F|  |TAMS 0x0000000710400000, 0x0000000710400000| Untracked 
| 239|0x0000000710500000, 0x0000000710500000, 0x0000000710600000|  0%| F|  |TAMS 0x0000000710500000, 0x0000000710500000| Untracked 
| 240|0x0000000710600000, 0x0000000710600000, 0x0000000710700000|  0%| F|  |TAMS 0x0000000710600000, 0x0000000710600000| Untracked 
| 241|0x0000000710700000, 0x0000000710700000, 0x0000000710800000|  0%| F|  |TAMS 0x0000000710700000, 0x0000000710700000| Untracked 
| 242|0x0000000710800000, 0x0000000710800000, 0x0000000710900000|  0%| F|  |TAMS 0x0000000710800000, 0x0000000710800000| Untracked 
| 243|0x0000000710900000, 0x0000000710900000, 0x0000000710a00000|  0%| F|  |TAMS 0x0000000710900000, 0x0000000710900000| Untracked 
| 244|0x0000000710a00000, 0x0000000710a00000, 0x0000000710b00000|  0%| F|  |TAMS 0x0000000710a00000, 0x0000000710a00000| Untracked 
| 245|0x0000000710b00000, 0x0000000710b00000, 0x0000000710c00000|  0%| F|  |TAMS 0x0000000710b00000, 0x0000000710b00000| Untracked 
| 246|0x0000000710c00000, 0x0000000710c00000, 0x0000000710d00000|  0%| F|  |TAMS 0x0000000710c00000, 0x0000000710c00000| Untracked 
| 247|0x0000000710d00000, 0x0000000710d00000, 0x0000000710e00000|  0%| F|  |TAMS 0x0000000710d00000, 0x0000000710d00000| Untracked 
| 248|0x0000000710e00000, 0x0000000710e00000, 0x0000000710f00000|  0%| F|  |TAMS 0x0000000710e00000, 0x0000000710e00000| Untracked 
| 249|0x0000000710f00000, 0x0000000710f00000, 0x0000000711000000|  0%| F|  |TAMS 0x0000000710f00000, 0x0000000710f00000| Untracked 
| 250|0x0000000711000000, 0x0000000711000000, 0x0000000711100000|  0%| F|  |TAMS 0x0000000711000000, 0x0000000711000000| Untracked 
| 251|0x0000000711100000, 0x0000000711200000, 0x0000000711200000|100%| E|  |TAMS 0x0000000711100000, 0x0000000711100000| Complete 
| 252|0x0000000711200000, 0x0000000711300000, 0x0000000711300000|100%| E|CS|TAMS 0x0000000711200000, 0x0000000711200000| Complete 
| 253|0x0000000711300000, 0x0000000711400000, 0x0000000711400000|100%| E|CS|TAMS 0x0000000711300000, 0x0000000711300000| Complete 
| 254|0x0000000711400000, 0x0000000711500000, 0x0000000711500000|100%| E|CS|TAMS 0x0000000711400000, 0x0000000711400000| Complete 
| 255|0x0000000711500000, 0x0000000711600000, 0x0000000711600000|100%| E|CS|TAMS 0x0000000711500000, 0x0000000711500000| Complete 

Card table byte_map: [0x0000015d268f0000,0x0000015d270f0000] _byte_map_base: 0x0000015d230e5000

Marking Bits (Prev, Next): (CMBitMap*) 0x0000015d1280d758, (CMBitMap*) 0x0000015d1280d790
 Prev Bits: [0x0000015d278f0000, 0x0000015d2b898000)
 Next Bits: [0x0000015d2b8a0000, 0x0000015d2f848000)

Polling page: 0x0000015d11f80000

Metaspace:

Usage:
  Non-class:      9.87 MB capacity,     9.67 MB ( 98%) used,   175.98 KB (  2%) free+waste,    32.31 KB ( <1%) overhead. 
      Class:    923.00 KB capacity,   788.91 KB ( 85%) used,   118.34 KB ( 13%) free+waste,    15.75 KB (  2%) overhead. 
       Both:     10.77 MB capacity,    10.44 MB ( 97%) used,   294.32 KB (  3%) free+waste,    48.06 KB ( <1%) overhead. 

Virtual space:
  Non-class space:       10.00 MB reserved,      10.00 MB (100%) committed 
      Class space:        1.00 GB reserved,       1.00 MB ( <1%) committed 
             Both:        1.01 GB reserved,      11.00 MB (  1%) committed 

Chunk freelists:
   Non-Class:  4.00 KB
       Class:  5.00 KB
        Both:  9.00 KB

MaxMetaspaceSize: 17179869184.00 GB
CompressedClassSpaceSize: 1.00 GB

CodeHeap 'non-profiled nmethods': size=119168Kb used=702Kb max_used=702Kb free=118465Kb
 bounds [0x0000015d1e410000, 0x0000015d1e680000, 0x0000015d25870000]
CodeHeap 'profiled nmethods': size=119168Kb used=3235Kb max_used=3235Kb free=115932Kb
 bounds [0x0000015d16fb0000, 0x0000015d172e0000, 0x0000015d1e410000]
CodeHeap 'non-nmethods': size=7424Kb used=3259Kb max_used=3284Kb free=4164Kb
 bounds [0x0000015d16870000, 0x0000015d16bb0000, 0x0000015d16fb0000]
 total_blobs=3394 nmethods=1614 adapters=1030
 compilation: enabled
              stopped_count=0, restarted_count=0
 full_count=0

Compilation events (20 events):
Event: 1.040 Thread 0x0000015d329b4000 nmethod 1604 0x0000015d1e4b9890 code [0x0000015d1e4b9a40, 0x0000015d1e4b9b78]
Event: 1.040 Thread 0x0000015d3336f000 1606       3       java.nio.charset.CoderResult::isUnderflow (13 bytes)
Event: 1.040 Thread 0x0000015d339bd800 1607       3       java.util.Properties::saveConvert (434 bytes)
Event: 1.040 Thread 0x0000015d3336f000 nmethod 1606 0x0000015d172d1490 code [0x0000015d172d1640, 0x0000015d172d1818]
Event: 1.041 Thread 0x0000015d339bd800 nmethod 1607 0x0000015d172d1890 code [0x0000015d172d1d80, 0x0000015d172d3fd0]
Event: 1.047 Thread 0x0000015d3c933800 nmethod 1535 0x0000015d1e4b9c10 code [0x0000015d1e4b9e40, 0x0000015d1e4bc4e8]
Event: 1.052 Thread 0x0000015d3336a000 1608       3       java.nio.Buffer::nextPutIndex (31 bytes)
Event: 1.052 Thread 0x0000015d329b4000 1609   !   3       java.nio.DirectByteBuffer::put (31 bytes)
Event: 1.052 Thread 0x0000015d329a6800 1610       4       java.nio.DirectByteBuffer::ix (10 bytes)
Event: 1.052 Thread 0x0000015d3336a000 nmethod 1608 0x0000015d172d4b90 code [0x0000015d172d4d60, 0x0000015d172d5010]
Event: 1.052 Thread 0x0000015d329b4000 nmethod 1609 0x0000015d172d5110 code [0x0000015d172d5300, 0x0000015d172d57f0]
Event: 1.053 Thread 0x0000015d329a6800 nmethod 1610 0x0000015d1e4beb10 code [0x0000015d1e4beca0, 0x0000015d1e4bed18]
Event: 1.053 Thread 0x0000015d3c933800 1611   !   4       java.nio.DirectByteBuffer::put (31 bytes)
Event: 1.053 Thread 0x0000015d3c933800 nmethod 1611 0x0000015d1e4bed90 code [0x0000015d1e4bef20, 0x0000015d1e4befd8]
Event: 1.060 Thread 0x0000015d3336f000 1612 %     3       inaugural.soliloquy.graphics.test.fakes.FakeFontLoadable::createBuffer @ 39 (125 bytes)
Event: 1.061 Thread 0x0000015d3336f000 nmethod 1612% 0x0000015d172d5a90 code [0x0000015d172d5cc0, 0x0000015d172d6580]
Event: 1.061 Thread 0x0000015d339bd800 1613       3       inaugural.soliloquy.graphics.test.fakes.FakeFontLoadable::createBuffer (125 bytes)
Event: 1.061 Thread 0x0000015d339bd800 nmethod 1613 0x0000015d172d6890 code [0x0000015d172d6be0, 0x0000015d172d8280]
Event: 1.061 Thread 0x0000015d3c91c000 1614 %     4       inaugural.soliloquy.graphics.test.fakes.FakeFontLoadable::createBuffer @ 39 (125 bytes)
Event: 1.067 Thread 0x0000015d3c91c000 nmethod 1614% 0x0000015d1e4bf090 code [0x0000015d1e4bf240, 0x0000015d1e4bf7d8]

GC Heap History (2 events):
Event: 0.725 GC heap before
{Heap before GC invocations=0 (full 0):
 garbage-first heap   total 262144K, used 23552K [0x0000000701600000, 0x0000000800000000)
  region size 1024K, 24 young (24576K), 0 survivors (0K)
 Metaspace       used 8621K, capacity 9114K, committed 9216K, reserved 1058816K
  class space    used 613K, capacity 752K, committed 768K, reserved 1048576K
}
Event: 0.728 GC heap after
{Heap after GC invocations=1 (full 0):
 garbage-first heap   total 262144K, used 3589K [0x0000000701600000, 0x0000000800000000)
  region size 1024K, 3 young (3072K), 3 survivors (3072K)
 Metaspace       used 8621K, capacity 9114K, committed 9216K, reserved 1058816K
  class space    used 613K, capacity 752K, committed 768K, reserved 1048576K
}

Deoptimization events (20 events):
Event: 0.959 Thread 0x0000015d127a3800 DEOPT PACKING pc=0x0000015d17260661 sp=0x00000005f8bfe780
Event: 0.959 Thread 0x0000015d127a3800 DEOPT UNPACKING pc=0x0000015d168990ce sp=0x00000005f8bfdb48 mode 0
Event: 0.966 Thread 0x0000015d127a3800 DEOPT PACKING pc=0x0000015d17260661 sp=0x00000005f8bfe780
Event: 0.966 Thread 0x0000015d127a3800 DEOPT UNPACKING pc=0x0000015d168990ce sp=0x00000005f8bfdb48 mode 0
Event: 0.990 Thread 0x0000015d127a3800 DEOPT PACKING pc=0x0000015d17283aa8 sp=0x00000005f8bfeb60
Event: 0.990 Thread 0x0000015d127a3800 DEOPT UNPACKING pc=0x0000015d168990ce sp=0x00000005f8bfdfa0 mode 0
Event: 0.993 Thread 0x0000015d127a3800 DEOPT PACKING pc=0x0000015d17260590 sp=0x00000005f8bfe990
Event: 0.993 Thread 0x0000015d127a3800 DEOPT UNPACKING pc=0x0000015d168990ce sp=0x00000005f8bfdd58 mode 0
Event: 0.997 Thread 0x0000015d127a3800 Uncommon trap: trap_request=0xffffff4d fr.pc=0x0000015d1e4ac4ec relative=0x00000000000000cc
Event: 0.997 Thread 0x0000015d127a3800 Uncommon trap: reason=unstable_if action=reinterpret pc=0x0000015d1e4ac4ec method=sun.java2d.marlin.DHelpers.outcode(DD[D)I @ 57 c2
Event: 0.997 Thread 0x0000015d127a3800 DEOPT PACKING pc=0x0000015d1e4ac4ec sp=0x00000005f8bfe9f0
Event: 0.997 Thread 0x0000015d127a3800 DEOPT UNPACKING pc=0x0000015d168992af sp=0x00000005f8bfe970 mode 2
Event: 1.025 Thread 0x0000015d127a3800 DEOPT PACKING pc=0x0000015d172bf52a sp=0x00000005f8bff0a0
Event: 1.025 Thread 0x0000015d127a3800 DEOPT UNPACKING pc=0x0000015d168990ce sp=0x00000005f8bfe5e0 mode 0
Event: 1.067 Thread 0x0000015d127a3800 DEOPT PACKING pc=0x0000015d172d643c sp=0x00000005f8bff1a0
Event: 1.067 Thread 0x0000015d127a3800 DEOPT UNPACKING pc=0x0000015d168990ce sp=0x00000005f8bfe6a8 mode 0
Event: 1.091 Thread 0x0000015d127a3800 Uncommon trap: trap_request=0xffffff4d fr.pc=0x0000015d1e4bf760 relative=0x0000000000000520
Event: 1.091 Thread 0x0000015d127a3800 Uncommon trap: reason=unstable_if action=reinterpret pc=0x0000015d1e4bf760 method=inaugural.soliloquy.graphics.test.fakes.FakeFontLoadable.createBuffer(Ljava/awt/image/BufferedImage;II)Ljava/nio/ByteBuffer; @ 43 c2
Event: 1.091 Thread 0x0000015d127a3800 DEOPT PACKING pc=0x0000015d1e4bf760 sp=0x00000005f8bff1f0
Event: 1.091 Thread 0x0000015d127a3800 DEOPT UNPACKING pc=0x0000015d168992af sp=0x00000005f8bff1a8 mode 2

Classes redefined (0 events):
No events

Internal exceptions (20 events):
Event: 0.158 Thread 0x0000015d127a3800 Exception <a 'java/lang/NoSuchMethodError'{0x0000000710b233c0}: 'java.lang.Object java.lang.invoke.DirectMethodHandle$Holder.invokeStaticInit(java.lang.Object, java.lang.Object, java.lang.Object)'> (0x0000000710b233c0) thrown at [c:/BuildAgent/work/5ff2f6
Event: 0.178 Thread 0x0000015d127a3800 Exception <a 'sun/nio/fs/WindowsException'{0x0000000710b92730}> (0x0000000710b92730) thrown at [c:/BuildAgent/work/5ff2f6c26000d570/src/hotspot/share/prims/jni.cpp, line 615]
Event: 0.178 Thread 0x0000015d127a3800 Exception <a 'sun/nio/fs/WindowsException'{0x0000000710b92c90}> (0x0000000710b92c90) thrown at [c:/BuildAgent/work/5ff2f6c26000d570/src/hotspot/share/prims/jni.cpp, line 615]
Event: 0.196 Thread 0x0000015d127a3800 Exception <a 'sun/nio/fs/WindowsException'{0x0000000710a75f20}> (0x0000000710a75f20) thrown at [c:/BuildAgent/work/5ff2f6c26000d570/src/hotspot/share/prims/jni.cpp, line 615]
Event: 0.196 Thread 0x0000015d127a3800 Exception <a 'sun/nio/fs/WindowsException'{0x0000000710a762a0}> (0x0000000710a762a0) thrown at [c:/BuildAgent/work/5ff2f6c26000d570/src/hotspot/share/prims/jni.cpp, line 615]
Event: 0.513 Thread 0x0000015d127a3800 Exception <a 'sun/nio/fs/WindowsException'{0x00000007109245d0}> (0x00000007109245d0) thrown at [c:/BuildAgent/work/5ff2f6c26000d570/src/hotspot/share/prims/jni.cpp, line 615]
Event: 0.513 Thread 0x0000015d127a3800 Exception <a 'sun/nio/fs/WindowsException'{0x0000000710924988}> (0x0000000710924988) thrown at [c:/BuildAgent/work/5ff2f6c26000d570/src/hotspot/share/prims/jni.cpp, line 615]
Event: 0.516 Thread 0x0000015d127a3800 Exception <a 'sun/nio/fs/WindowsException'{0x0000000710947e88}> (0x0000000710947e88) thrown at [c:/BuildAgent/work/5ff2f6c26000d570/src/hotspot/share/prims/jni.cpp, line 615]
Event: 0.516 Thread 0x0000015d127a3800 Exception <a 'sun/nio/fs/WindowsException'{0x0000000710948178}> (0x0000000710948178) thrown at [c:/BuildAgent/work/5ff2f6c26000d570/src/hotspot/share/prims/jni.cpp, line 615]
Event: 0.639 Thread 0x0000015d127a3800 Exception <a 'java/lang/ClassNotFoundException'{0x00000007101762a8}: sun/awt/resources/spi/awtProvider> (0x00000007101762a8) thrown at [c:/BuildAgent/work/5ff2f6c26000d570/src/hotspot/share/classfile/systemDictionary.cpp, line 231]
Event: 0.653 Thread 0x0000015d127a3800 Exception <a 'java/io/FileNotFoundException'{0x0000000710008558}> (0x0000000710008558) thrown at [c:/BuildAgent/work/5ff2f6c26000d570/src/hotspot/share/prims/jni.cpp, line 615]
Event: 0.659 Thread 0x0000015d127a3800 Exception <a 'java/lang/NoSuchMethodError'{0x0000000710063438}: 'java.lang.Object java.lang.invoke.DirectMethodHandle$Holder.invokeStatic(java.lang.Object, java.lang.Object, java.lang.Object, java.lang.Object, java.lang.Object, java.lang.Object, java.lang
Event: 0.660 Thread 0x0000015d127a3800 Exception <a 'java/lang/NoSuchMethodError'{0x0000000710070fe8}: 'java.lang.Object java.lang.invoke.DirectMethodHandle$Holder.invokeStatic(java.lang.Object, java.lang.Object, java.lang.Object, java.lang.Object, java.lang.Object, java.lang.Object, java.lang
Event: 0.661 Thread 0x0000015d127a3800 Exception <a 'java/lang/NoSuchMethodError'{0x000000071007f1b0}: 'java.lang.Object java.lang.invoke.DirectMethodHandle$Holder.invokeSpecial(java.lang.Object, java.lang.Object, int, int, java.lang.Object, java.lang.Object, java.lang.Object)'> (0x00000007100
Event: 0.661 Thread 0x0000015d127a3800 Exception <a 'java/lang/NoSuchMethodError'{0x0000000710082740}: 'java.lang.Object java.lang.invoke.DelegatingMethodHandle$Holder.reinvoke_L(java.lang.Object, int, int, java.lang.Object, java.lang.Object, java.lang.Object)'> (0x0000000710082740) thrown at 
Event: 0.661 Thread 0x0000015d127a3800 Exception <a 'java/lang/NoSuchMethodError'{0x00000007100869c8}: 'java.lang.Object java.lang.invoke.DirectMethodHandle$Holder.invokeStatic(java.lang.Object, java.lang.Object, java.lang.Object, java.lang.Object, int)'> (0x00000007100869c8) thrown at [c:/Bui
Event: 0.665 Thread 0x0000015d127a3800 Exception <a 'java/io/FileNotFoundException'{0x00000007100e8ea0}> (0x00000007100e8ea0) thrown at [c:/BuildAgent/work/5ff2f6c26000d570/src/hotspot/share/prims/jni.cpp, line 615]
Event: 0.725 Thread 0x0000015d3cc32800 Exception <a 'java/lang/NoSuchMethodError'{0x000000070fefb7e8}: 'void java.lang.invoke.DirectMethodHandle$Holder.invokeSpecial(java.lang.Object, java.lang.Object)'> (0x000000070fefb7e8) thrown at [c:/BuildAgent/work/5ff2f6c26000d570/src/hotspot/share/inte
Event: 0.730 Thread 0x0000015d127a3800 Exception <a 'java/lang/NoSuchMethodError'{0x00000007115a53b0}: 'java.lang.Object java.lang.invoke.DirectMethodHandle$Holder.invokeStatic(java.lang.Object, java.lang.Object, java.lang.Object, java.lang.Object, java.lang.Object, java.lang.Object, java.lang
Event: 0.731 Thread 0x0000015d127a3800 Exception <a 'java/lang/NoSuchMethodError'{0x00000007115bf2f0}: 'java.lang.Object java.lang.invoke.DirectMethodHandle$Holder.invokeStatic(java.lang.Object, java.lang.Object, java.lang.Object, java.lang.Object, java.lang.Object, java.lang.Object, java.lang

Events (20 events):
Event: 1.032 Executing VM operation: RevokeBias
Event: 1.032 Executing VM operation: RevokeBias done
Event: 1.033 loading class sun/util/cldr/CLDRTimeZoneNameProviderImpl
Event: 1.033 loading class sun/util/locale/provider/TimeZoneNameProviderImpl
Event: 1.033 loading class sun/util/locale/provider/TimeZoneNameProviderImpl done
Event: 1.033 loading class sun/util/cldr/CLDRTimeZoneNameProviderImpl done
Event: 1.034 loading class sun/util/locale/provider/BaseLocaleDataMetaInfo
Event: 1.034 loading class sun/util/locale/provider/BaseLocaleDataMetaInfo done
Event: 1.035 loading class sun/util/cldr/CLDRBaseLocaleDataMetaInfo$TZCanonicalIDMapHolder
Event: 1.035 loading class sun/util/cldr/CLDRBaseLocaleDataMetaInfo$TZCanonicalIDMapHolder done
Event: 1.037 loading class sun/util/resources/cldr/TimeZoneNames
Event: 1.037 loading class sun/util/resources/TimeZoneNamesBundle
Event: 1.037 loading class sun/util/resources/OpenListResourceBundle
Event: 1.037 loading class sun/util/resources/OpenListResourceBundle done
Event: 1.037 loading class sun/util/resources/TimeZoneNamesBundle done
Event: 1.037 loading class sun/util/resources/cldr/TimeZoneNames done
Event: 1.037 loading class sun/util/resources/cldr/TimeZoneNames_en
Event: 1.037 loading class sun/util/resources/cldr/TimeZoneNames_en done
Event: 1.038 loading class sun/util/resources/cldr/TimeZoneNames_en_US
Event: 1.038 loading class sun/util/resources/cldr/TimeZoneNames_en_US done


Dynamic libraries:
0x00007ff74d010000 - 0x00007ff74d01a000 	C:\Program Files\JetBrains\IntelliJ IDEA Community Edition 2019.3.2\jbr\bin\java.exe
0x00007fffb7710000 - 0x00007fffb7905000 	C:\WINDOWS\SYSTEM32\ntdll.dll
0x00007fffb5e70000 - 0x00007fffb5f2d000 	C:\WINDOWS\System32\KERNEL32.DLL
0x00007fffb4e50000 - 0x00007fffb5119000 	C:\WINDOWS\System32\KERNELBASE.dll
0x00007fffb5460000 - 0x00007fffb5560000 	C:\WINDOWS\System32\ucrtbase.dll
0x00007fff84050000 - 0x00007fff84069000 	C:\Program Files\JetBrains\IntelliJ IDEA Community Edition 2019.3.2\jbr\bin\jli.dll
0x00007fff870d0000 - 0x00007fff870e7000 	C:\Program Files\JetBrains\IntelliJ IDEA Community Edition 2019.3.2\jbr\bin\VCRUNTIME140.dll
0x00007fffb7460000 - 0x00007fffb7600000 	C:\WINDOWS\System32\USER32.dll
0x00007fffa5cd0000 - 0x00007fffa5f6a000 	C:\WINDOWS\WinSxS\amd64_microsoft.windows.common-controls_6595b64144ccf1df_6.0.19041.844_none_ca00b6081b84eb1d\COMCTL32.dll
0x00007fffb5350000 - 0x00007fffb5372000 	C:\WINDOWS\System32\win32u.dll
0x00007fffb7430000 - 0x00007fffb745a000 	C:\WINDOWS\System32\GDI32.dll
0x00007fffb5820000 - 0x00007fffb58be000 	C:\WINDOWS\System32\msvcrt.dll
0x00007fffb5120000 - 0x00007fffb522b000 	C:\WINDOWS\System32\gdi32full.dll
0x00007fffb5230000 - 0x00007fffb52cd000 	C:\WINDOWS\System32\msvcp_win.dll
0x00007fffb7270000 - 0x00007fffb72a0000 	C:\WINDOWS\System32\IMM32.DLL
0x00007fff43f80000 - 0x00007fff4401d000 	C:\Program Files\JetBrains\IntelliJ IDEA Community Edition 2019.3.2\jbr\bin\msvcp140.dll
0x00007fff2cf30000 - 0x00007fff2d9eb000 	C:\Program Files\JetBrains\IntelliJ IDEA Community Edition 2019.3.2\jbr\bin\server\jvm.dll
0x00007fffb7620000 - 0x00007fffb76cc000 	C:\WINDOWS\System32\ADVAPI32.dll
0x00007fffb5940000 - 0x00007fffb59dc000 	C:\WINDOWS\System32\sechost.dll
0x00007fffb6ac0000 - 0x00007fffb6beb000 	C:\WINDOWS\System32\RPCRT4.dll
0x00007fffb58c0000 - 0x00007fffb58c8000 	C:\WINDOWS\System32\PSAPI.DLL
0x00007fff87180000 - 0x00007fff87189000 	C:\WINDOWS\SYSTEM32\WSOCK32.dll
0x00007fffae250000 - 0x00007fffae25a000 	C:\WINDOWS\SYSTEM32\VERSION.dll
0x00007fffade60000 - 0x00007fffade87000 	C:\WINDOWS\SYSTEM32\WINMM.dll
0x00007fffb58d0000 - 0x00007fffb593b000 	C:\WINDOWS\System32\WS2_32.dll
0x00007fffb2dd0000 - 0x00007fffb2de2000 	C:\WINDOWS\SYSTEM32\kernel.appcore.dll
0x00007fff917c0000 - 0x00007fff917d1000 	C:\Program Files\JetBrains\IntelliJ IDEA Community Edition 2019.3.2\jbr\bin\verify.dll
0x00007fffa6000000 - 0x00007fffa61e4000 	C:\WINDOWS\SYSTEM32\DBGHELP.DLL
0x00007fffa5c70000 - 0x00007fffa5c9c000 	C:\WINDOWS\SYSTEM32\dbgcore.DLL
0x00007fffb53e0000 - 0x00007fffb5460000 	C:\WINDOWS\System32\bcryptPrimitives.dll
0x00007fff8dec0000 - 0x00007fff8dee9000 	C:\Program Files\JetBrains\IntelliJ IDEA Community Edition 2019.3.2\jbr\bin\java.dll
0x00007fff86f00000 - 0x00007fff86f0f000 	C:\Program Files\JetBrains\IntelliJ IDEA Community Edition 2019.3.2\jbr\bin\instrument.dll
0x00007fff8fdc0000 - 0x00007fff8fdd7000 	C:\Program Files\JetBrains\IntelliJ IDEA Community Edition 2019.3.2\jbr\bin\zip.dll
0x00007fff99050000 - 0x00007fff9905b000 	C:\Program Files\JetBrains\IntelliJ IDEA Community Edition 2019.3.2\jbr\bin\jimage.dll
0x00007fffb6370000 - 0x00007fffb6ab2000 	C:\WINDOWS\System32\SHELL32.dll
0x00007fffb2fd0000 - 0x00007fffb3760000 	C:\WINDOWS\SYSTEM32\windows.storage.dll
0x00007fffb5b10000 - 0x00007fffb5e65000 	C:\WINDOWS\System32\combase.dll
0x00007fffb48c0000 - 0x00007fffb48ec000 	C:\WINDOWS\SYSTEM32\Wldp.dll
0x00007fffb62c0000 - 0x00007fffb636e000 	C:\WINDOWS\System32\SHCORE.dll
0x00007fffb5ab0000 - 0x00007fffb5b05000 	C:\WINDOWS\System32\shlwapi.dll
0x00007fffb4d90000 - 0x00007fffb4daf000 	C:\WINDOWS\SYSTEM32\profapi.dll
0x00007fff8dea0000 - 0x00007fff8deba000 	C:\Program Files\JetBrains\IntelliJ IDEA Community Edition 2019.3.2\jbr\bin\net.dll
0x00007fffab110000 - 0x00007fffab21c000 	C:\WINDOWS\SYSTEM32\WINHTTP.dll
0x00007fffb4640000 - 0x00007fffb46aa000 	C:\WINDOWS\system32\mswsock.dll
0x00007fff8d490000 - 0x00007fff8d4a4000 	C:\Program Files\JetBrains\IntelliJ IDEA Community Edition 2019.3.2\jbr\bin\nio.dll
0x00007fff480d0000 - 0x00007fff480ea000 	C:\Program Files\JetBrains\IntelliJ IDEA Community Edition 2019.3.2\bin\breakgen64.dll
0x00007fff44440000 - 0x00007fff444a4000 	C:\Users\grin2b\AppData\Local\Temp\lwjglgrin2b\3.2.3-build-13\lwjgl.dll
0x00007fff443d0000 - 0x00007fff44432000 	C:\Users\grin2b\AppData\Local\Temp\lwjglgrin2b\3.2.3-build-13\glfw.dll
0x00007fffb2910000 - 0x00007fffb29ae000 	C:\WINDOWS\system32\uxtheme.dll
0x00007fff44380000 - 0x00007fff443c5000 	C:\WINDOWS\SYSTEM32\dinput8.dll
0x00007fff480b0000 - 0x00007fff480c1000 	C:\WINDOWS\SYSTEM32\xinput1_4.dll
0x00007fffb5300000 - 0x00007fffb534e000 	C:\WINDOWS\System32\cfgmgr32.dll
0x00007fffb4c00000 - 0x00007fffb4c2c000 	C:\WINDOWS\SYSTEM32\DEVOBJ.dll
0x00007fffb2ae0000 - 0x00007fffb2b0f000 	C:\WINDOWS\SYSTEM32\dwmapi.dll
0x00007fff94500000 - 0x00007fff94652000 	C:\WINDOWS\SYSTEM32\inputhost.dll
0x00007fffb59e0000 - 0x00007fffb5aad000 	C:\WINDOWS\System32\OLEAUT32.dll
0x00007fffb1ae0000 - 0x00007fffb1c34000 	C:\WINDOWS\SYSTEM32\wintypes.dll
0x00007fffb2510000 - 0x00007fffb2602000 	C:\WINDOWS\SYSTEM32\CoreMessaging.dll
0x00007fffb00f0000 - 0x00007fffb01e7000 	C:\WINDOWS\SYSTEM32\PROPSYS.dll
0x00007fffb21b0000 - 0x00007fffb250e000 	C:\WINDOWS\SYSTEM32\CoreUIComponents.dll
0x00007fffb3ba0000 - 0x00007fffb3bd3000 	C:\WINDOWS\SYSTEM32\ntmarta.dll
0x00007fffb7150000 - 0x00007fffb7265000 	C:\WINDOWS\System32\MSCTF.dll
0x00007fffb3760000 - 0x00007fffb376d000 	C:\WINDOWS\SYSTEM32\HID.DLL
0x00007fffb6bf0000 - 0x00007fffb7059000 	C:\WINDOWS\System32\SETUPAPI.DLL
0x00007fffb52d0000 - 0x00007fffb52f7000 	C:\WINDOWS\System32\bcrypt.dll
0x00007fffb5380000 - 0x00007fffb53e0000 	C:\WINDOWS\System32\WINTRUST.dll
0x00007fffb5560000 - 0x00007fffb56bf000 	C:\WINDOWS\System32\CRYPT32.dll
0x00007fffb4a40000 - 0x00007fffb4a52000 	C:\WINDOWS\SYSTEM32\MSASN1.dll
0x00007fff7a610000 - 0x00007fff7a736000 	C:\WINDOWS\SYSTEM32\opengl32.dll
0x00007fff861d0000 - 0x00007fff861fc000 	C:\WINDOWS\SYSTEM32\GLU32.dll
0x00007fffb5770000 - 0x00007fffb5819000 	C:\WINDOWS\System32\clbcatq.dll
0x00007fff6a540000 - 0x00007fff6a56a000 	C:\WINDOWS\System32\DriverStore\FileRepository\u0360470.inf_amd64_35c64671e7fac064\B360357\atig6pxx.dll
0x00007fff51130000 - 0x00007fff53e17000 	C:\WINDOWS\System32\DriverStore\FileRepository\u0360470.inf_amd64_35c64671e7fac064\B360357\atio6axx.dll
0x00007fffb72a0000 - 0x00007fffb73ca000 	C:\WINDOWS\System32\ole32.dll
0x00007fff7d400000 - 0x00007fff7d424000 	C:\WINDOWS\SYSTEM32\dxva2.dll
0x00007fff759f0000 - 0x00007fff75a2c000 	C:\WINDOWS\System32\DriverStore\FileRepository\u0360470.inf_amd64_35c64671e7fac064\B360357\atig6txx.dll
0x00007fff6c100000 - 0x00007fff6c2b9000 	C:\WINDOWS\SYSTEM32\atiadlxx.dll
0x00007fffafe70000 - 0x00007fffafeab000 	C:\WINDOWS\SYSTEM32\dxcore.dll
0x00007fff94b20000 - 0x00007fff94c1b000 	C:\WINDOWS\SYSTEM32\textinputframework.dll
0x00007fff44110000 - 0x00007fff44169000 	C:\Users\grin2b\AppData\Local\Temp\lwjglgrin2b\3.2.3-build-13\lwjgl_opengl.dll
0x00007fff41c90000 - 0x00007fff41e31000 	C:\Program Files\JetBrains\IntelliJ IDEA Community Edition 2019.3.2\jbr\bin\awt.dll
0x00007fffb12d0000 - 0x00007fffb1890000 	C:\WINDOWS\SYSTEM32\d2d1.dll
0x00007fffb2740000 - 0x00007fffb27d0000 	C:\WINDOWS\SYSTEM32\apphelp.dll
0x00007fff48b10000 - 0x00007fff48b95000 	C:\Program Files\JetBrains\IntelliJ IDEA Community Edition 2019.3.2\jbr\bin\freetype.dll
0x00007fff44170000 - 0x00007fff44218000 	C:\Program Files\JetBrains\IntelliJ IDEA Community Edition 2019.3.2\jbr\bin\fontmanager.dll
0x00007fff791f0000 - 0x00007fff793bf000 	C:\WINDOWS\system32\d3d9.dll
0x00007fffacbf0000 - 0x00007fffacdcb000 	C:\WINDOWS\System32\DriverStore\FileRepository\u0360470.inf_amd64_35c64671e7fac064\B360357\aticfx64.dll
0x00007fff4f4b0000 - 0x00007fff51122000 	C:\WINDOWS\System32\DriverStore\FileRepository\u0360470.inf_amd64_35c64671e7fac064\B360357\amdxn64.dll
0x00007fffaab40000 - 0x00007fffaab6f000 	C:\WINDOWS\SYSTEM32\amdihk64.dll

dbghelp: loaded successfully - version: 4.0.5 - missing functions: none
symbol engine: initialized successfully - sym options: 0x614 - pdb path: .;C:\Program Files\JetBrains\IntelliJ IDEA Community Edition 2019.3.2\jbr\bin;C:\WINDOWS\SYSTEM32;C:\WINDOWS\WinSxS\amd64_microsoft.windows.common-controls_6595b64144ccf1df_6.0.19041.844_none_ca00b6081b84eb1d;C:\Program Files\JetBrains\IntelliJ IDEA Community Edition 2019.3.2\jbr\bin\server;C:\Program Files\JetBrains\IntelliJ IDEA Community Edition 2019.3.2\bin;C:\Users\grin2b\AppData\Local\Temp\lwjglgrin2b\3.2.3-build-13;C:\WINDOWS\System32\DriverStore\FileRepository\u0360470.inf_amd64_35c64671e7fac064\B360357

VM Arguments:
jvm_args: -javaagent:C:\Program Files\JetBrains\IntelliJ IDEA Community Edition 2019.3.2\lib\idea_rt.jar=58741:C:\Program Files\JetBrains\IntelliJ IDEA Community Edition 2019.3.2\bin -Dfile.encoding=UTF-8 
java_command: inaugural.soliloquy.graphics.test.display.TextLineRendererSimpleTest
java_class_path (initial): C:\Users\grin2b\IdeaProjects\inaugural.soliloquy.graphics\target\classes;C:\Users\grin2b\IdeaProjects\inaugural.soliloquy.graphics\libs\lwjgl.jar;C:\Users\grin2b\IdeaProjects\inaugural.soliloquy.graphics\libs\MiniPID.jar;C:\Users\grin2b\IdeaProjects\inaugural.soliloquy.graphics\libs\lwjgl-stb.jar;C:\Users\grin2b\IdeaProjects\inaugural.soliloquy.graphics\libs\lwjgl-glfw.jar;C:\Users\grin2b\IdeaProjects\inaugural.soliloquy.graphics\libs\lwjgl-opengl.jar;C:\Users\grin2b\IdeaProjects\inaugural.soliloquy.graphics\libs\lwjgl-tinyfd.jar;C:\Users\grin2b\IdeaProjects\inaugural.soliloquy.graphics\libs\lwjgl-javadoc.jar;C:\Users\grin2b\IdeaProjects\inaugural.soliloquy.graphics\libs\lwjgl-sources.jar;C:\Users\grin2b\IdeaProjects\inaugural.soliloquy.graphics\libs\lwjgl-stb-javadoc.jar;C:\Users\grin2b\IdeaProjects\inaugural.soliloquy.graphics\libs\lwjgl-stb-sources.jar;C:\Users\grin2b\IdeaProjects\inaugural.soliloquy.graphics\libs\lwjgl-glfw-javadoc.jar;C:\Users\grin2b\IdeaProjects\inaugural.soliloquy.graphics\libs\lwjgl-glfw-sources.jar;C:\Users\grin2b\IdeaProjects\inaugural.soliloquy.graphics\libs\lwjgl-natives-linux.jar;C:\Users\grin2b\IdeaProjects\inaugural.soliloquy.graphics\libs\lwjgl-natives-macos.jar;C:\Users\grin2b\IdeaProjects\inaugural.soliloquy.graphics\libs\lwjgl-opengl-javadoc.jar;C:\Users\grin2b\IdeaProjects\inaugural.soliloquy.graphics\libs\lwjgl-opengl-sources.jar;C:\Users\grin2b\IdeaProjects\inaugural.soliloquy.graphics\libs\lwjgl-tinyfd-javadoc.jar;C:\Users\grin2b\IdeaProjects\inaugural.soliloquy.graphics\libs\lwjgl-tinyfd-sources.jar;C:\Users\grin2b\IdeaProjects\inaugural.soliloquy.graphics\libs\lwjgl-natives-windows.jar;C:\Users\grin2b\IdeaProjects\inaugural.soliloquy.graphics\libs\lwjgl-stb-natives-linux.jar;C:\Users\grin2b\IdeaProjects\inaugural.soliloquy.graphics\libs\lwjgl-stb-natives-macos.jar;C:\Users\grin2b\IdeaProjects\inaugural.soliloquy.graphics\libs\lwjgl-glfw-natives-linux.jar;C:\Users\grin2b\IdeaProjects\inaugural.sol
Launcher Type: SUN_STANDARD

[Global flags]
     intx CICompilerCount                          = 12                                        {product} {ergonomic}
     uint ConcGCThreads                            = 3                                         {product} {ergonomic}
     uint G1ConcRefinementThreads                  = 13                                        {product} {ergonomic}
   size_t G1HeapRegionSize                         = 1048576                                   {product} {ergonomic}
    uintx GCDrainStackTargetSize                   = 64                                        {product} {ergonomic}
   size_t InitialHeapSize                          = 268435456                                 {product} {ergonomic}
   size_t MarkStackSize                            = 4194304                                   {product} {ergonomic}
   size_t MaxHeapSize                              = 4271898624                                {product} {ergonomic}
   size_t MaxNewSize                               = 2562719744                                {product} {ergonomic}
   size_t MinHeapDeltaBytes                        = 1048576                                   {product} {ergonomic}
    uintx NonNMethodCodeHeapSize                   = 7594288                                {pd product} {ergonomic}
    uintx NonProfiledCodeHeapSize                  = 122031976                              {pd product} {ergonomic}
    uintx ProfiledCodeHeapSize                     = 122031976                              {pd product} {ergonomic}
    uintx ReservedCodeCacheSize                    = 251658240                              {pd product} {ergonomic}
     bool SegmentedCodeCache                       = true                                      {product} {ergonomic}
     bool UseCompressedClassPointers               = true                                 {lp64_product} {ergonomic}
     bool UseCompressedOops                        = true                                 {lp64_product} {ergonomic}
     bool UseG1GC                                  = true                                      {product} {ergonomic}
     bool UseLargePagesIndividualAllocation        = false                                  {pd product} {ergonomic}

Logging:
Log output configuration:
 #0: stdout all=warning uptime,level,tags
 #1: stderr all=off uptime,level,tags

Environment Variables:
PATH=C:\Python39\Scripts\;C:\Python39\;C:\Program Files (x86)\NVIDIA Corporation\PhysX\Common;C:\Program Files (x86)\Common Files\Oracle\Java\javapath;C:\WINDOWS\system32;C:\WINDOWS;C:\WINDOWS\System32\Wbem;C:\WINDOWS\System32\WindowsPowerShell\v1.0\;C:\WINDOWS\System32\OpenSSH\;C:\Program Files\Git\cmd;C:\Program Files\Microsoft SQL Server\Client SDK\ODBC\170\Tools\Binn\;C:\Program Files (x86)\Microsoft SQL Server\150\Tools\Binn\;C:\Program Files\Microsoft SQL Server\150\Tools\Binn\;C:\Program Files\Microsoft SQL Server\150\DTS\Binn\;C:\Program Files (x86)\Microsoft SQL Server\150\DTS\Binn\;C:\Program Files\dotnet\;C:\Program Files\Microsoft SQL Server\130\Tools\Binn\;C:\Program Files\Java\jre1.8.0_251\bin;C:\ProgramData\chocolatey\bin;C:\Program Files\nodejs\;C:\Users\grin2b\AppData\Local\Microsoft\WindowsApps;C:\Program Files\JetBrains\IntelliJ IDEA Community Edition 2019.3.2\bin;C:\Users\grin2b\AppData\Local\GitHubDesktop\bin;C:\Program Files\Java\jre1.8.0_251\bin;;C:\Users\grin2b\AppData\Local\Microsoft\WindowsApps;C:\Users\grin2b\AppData\Local\Programs\Fiddler;C:\Users\grin2b\AppData\Roaming\npm
USERNAME=grin2b
OS=Windows_NT
PROCESSOR_IDENTIFIER=AMD64 Family 23 Model 113 Stepping 0, AuthenticAMD



---------------  S Y S T E M  ---------------

OS: Windows 10 , 64 bit Build 19041 (10.0.19041.804)

CPU:total 16 (initial active 16) (16 cores per cpu, 2 threads per core) family 23 model 113 stepping 0, cmov, cx8, fxsr, mmx, sse, sse2, sse3, ssse3, sse4.1, sse4.2, popcnt, avx, avx2, aes, clmul, mmxext, 3dnowpref, lzcnt, sse4a, ht, tsc, tscinvbit, tscinv, bmi1, bmi2, adx, sha, fma

Memory: 4k page, system-wide physical 16292M (2316M free)
TotalPageFile size 40939M (AvailPageFile size 5373M)
current process WorkingSet (physical memory assigned to process): 253M, peak: 253M
current process commit charge ("private bytes"): 586M, peak: 586M

vm_info: OpenJDK 64-Bit Server VM (11.0.5+10-b520.30) for windows-amd64 JRE (11.0.5+10-b520.30), built on Dec 24 2019 12:06:09 by "" with MS VC++ 14.0 (VS2015)

END.
